This file contains any messages produced by compilers while
running configure, to aid debugging if configure makes a mistake.

It was created by LibTIFF Software configure 3.7.3, which was
generated by GNU Autoconf 2.59.  Invocation command line was

  $ ./configure -C -quiet -with-CC=cc --libdir=/Users/german/Documents/RadiosityRadiance/src/ray/src/px/tiff/../../lib --includedir=/Users/german/Documents/RadiosityRadiance/src/ray/src/px/tiff/../../common --enable-static --disable-shared --disable-cxx --enable-logluv --disable-jpeg --disable-zlib --disable-pixarlog -with-ENVOPTS=-O0

## --------- ##
## Platform. ##
## --------- ##

hostname = MacBook-Pro-de-German.local
uname -m = x86_64
uname -r = 13.0.0
uname -s = Darwin
uname -v = Darwin Kernel Version 13.0.0: Thu Sep 19 22:22:27 PDT 2013; root:xnu-2422.1.72~6/RELEASE_X86_64

/usr/bin/uname -p = i386
/bin/uname -X     = unknown

/bin/arch              = unknown
/usr/bin/arch -k       = unknown
/usr/convex/getsysinfo = unknown
hostinfo               = Mach kernel version:
	 Darwin Kernel Version 13.0.0: Thu Sep 19 22:22:27 PDT 2013; root:xnu-2422.1.72~6/RELEASE_X86_64
Kernel configured for up to 4 processors.
2 processors are physically available.
4 processors are logically available.
Processor type: i486 (Intel 80486)
Processors active: 0 1 2 3
Primary memory available: 8.00 gigabytes
Default processor set: 168 tasks, 878 threads, 4 processors
Load average: 2.74, Mach factor: 1.64
/bin/machine           = unknown
/usr/bin/oslevel       = unknown
/bin/universe          = unknown

PATH: /opt/local/bin
PATH: /opt/local/sbin
PATH: /Users/german/.rvm/gems/ruby-2.0.0-p247/bin
PATH: /Users/german/.rvm/gems/ruby-2.0.0-p247@global/bin
PATH: /Users/german/.rvm/rubies/ruby-2.0.0-p247/bin
PATH: /Users/german/.rvm/bin
PATH: /usr/bin
PATH: /bin
PATH: /usr/sbin
PATH: /sbin
PATH: /usr/local/bin
PATH: #RADIANCE
PATH: ####################
PATH: export PATH=$PATH
PATH: /Applications/RADIANCE/ray/bin
PATH: export RAYPATH=.
PATH: /Applications/RADIANCE/ray/lib
PATH: export RAYPATH=$RAYPATH
PATH: /Applications/Otros/RadianceResources/BSDF
PATH: export MANPATH=/Applications/RADIANCE/ray/doc/man
PATH: export DISPLAY_GAMMA=1.2
PATH: #SUNLITE
PATH: ###################
PATH: export PATH=$PATH
PATH: /Applications/Sunlite/Scripts
PATH: #HDRGEN
PATH: ##################
PATH: export PATH=$PATH
PATH: /Applications/Otros/hdrgen/bin
PATH: #OTROS HECHOS POR MI
PATH: export PATH=$PATH
PATH: /Applications/Otros
PATH: /opt/X11/bin
PATH: /usr/local/git/bin


## ----------- ##
## Core tests. ##
## ----------- ##

configure:1472: creating cache config.cache
configure:1598: checking build system type
configure:1616: result: i686-apple-darwin13.0.0
configure:1624: checking host system type
configure:1638: result: i686-apple-darwin13.0.0
configure:1646: checking target system type
configure:1660: result: i686-apple-darwin13.0.0
configure:1689: checking for a BSD-compatible install
configure:1744: result: /usr/bin/install -c
configure:1755: checking whether build environment is sane
configure:1798: result: yes
configure:1863: checking for gawk
configure:1892: result: no
configure:1863: checking for mawk
configure:1892: result: no
configure:1863: checking for nawk
configure:1892: result: no
configure:1863: checking for awk
configure:1879: found /usr/bin/awk
configure:1889: result: awk
configure:1899: checking whether make sets $(MAKE)
configure:1919: result: yes
configure:2099: checking for style of include used by make
configure:2127: result: GNU
configure:2198: checking for gcc
configure:2224: result: cc
configure:2468: checking for C compiler version
configure:2471: cc --version </dev/null >&5
Apple LLVM version 5.0 (clang-500.2.79) (based on LLVM 3.3svn)
Target: x86_64-apple-darwin13.0.0
Thread model: posix
configure:2474: $? = 0
configure:2476: cc -v </dev/null >&5
Apple LLVM version 5.0 (clang-500.2.79) (based on LLVM 3.3svn)
Target: x86_64-apple-darwin13.0.0
Thread model: posix
configure:2479: $? = 0
configure:2481: cc -V </dev/null >&5
clang: error: argument to '-V' is missing (expected 1 value)
clang: error: no input files
configure:2484: $? = 1
configure:2507: checking for C compiler default output file name
configure:2510: cc    conftest.c  >&5
configure:2513: $? = 0
configure:2559: result: a.out
configure:2564: checking whether the C compiler works
configure:2570: ./a.out
configure:2573: $? = 0
configure:2590: result: yes
configure:2597: checking whether we are cross compiling
configure:2599: result: no
configure:2602: checking for suffix of executables
configure:2604: cc -o conftest    conftest.c  >&5
configure:2607: $? = 0
configure:2632: result: 
configure:2638: checking for suffix of object files
configure:2659: cc -c   conftest.c >&5
configure:2662: $? = 0
configure:2684: result: o
configure:2688: checking whether we are using the GNU C compiler
configure:2712: cc -c   conftest.c >&5
configure:2718: $? = 0
configure:2721: test -z 			 || test ! -s conftest.err
configure:2724: $? = 0
configure:2727: test -s conftest.o
configure:2730: $? = 0
configure:2743: result: yes
configure:2749: checking whether cc accepts -g
configure:2770: cc -c -g  conftest.c >&5
configure:2776: $? = 0
configure:2779: test -z 			 || test ! -s conftest.err
configure:2782: $? = 0
configure:2785: test -s conftest.o
configure:2788: $? = 0
configure:2799: result: yes
configure:2816: checking for cc option to accept ANSI C
configure:2886: cc  -c -g -O2  conftest.c >&5
configure:2892: $? = 0
configure:2895: test -z 			 || test ! -s conftest.err
configure:2898: $? = 0
configure:2901: test -s conftest.o
configure:2904: $? = 0
configure:2922: result: none needed
configure:2940: cc -c -g -O2  conftest.c >&5
conftest.c:2:3: error: unknown type name 'choke'
  choke me
  ^
conftest.c:2:11: error: expected ';' after top level declarator
  choke me
          ^
          ;
2 errors generated.
configure:2946: $? = 1
configure: failed program was:
| #ifndef __cplusplus
|   choke me
| #endif
configure:3078: checking dependency style of cc
configure:3168: result: gcc3
configure:3189: checking whether cc understands -c and -o together
configure:3216: cc -c conftest.c -o conftest.o >&5
configure:3219: $? = 0
configure:3221: cc -c conftest.c -o conftest.o >&5
configure:3224: $? = 0
configure:3263: result: yes
configure:3288: checking whether to enable maintainer-specific portions of Makefiles
configure:3297: result: no
configure:3387: checking for gcc
configure:3413: result: cc
configure:3657: checking for C compiler version
configure:3660: cc --version </dev/null >&5
Apple LLVM version 5.0 (clang-500.2.79) (based on LLVM 3.3svn)
Target: x86_64-apple-darwin13.0.0
Thread model: posix
configure:3663: $? = 0
configure:3665: cc -v </dev/null >&5
Apple LLVM version 5.0 (clang-500.2.79) (based on LLVM 3.3svn)
Target: x86_64-apple-darwin13.0.0
Thread model: posix
configure:3668: $? = 0
configure:3670: cc -V </dev/null >&5
clang: error: argument to '-V' is missing (expected 1 value)
clang: error: no input files
configure:3673: $? = 1
configure:3676: checking whether we are using the GNU C compiler
configure:3731: result: yes
configure:3737: checking whether cc accepts -g
configure:3787: result: yes
configure:3804: checking for cc option to accept ANSI C
configure:3910: result: none needed
configure:3928: cc -c -g -O2  conftest.c >&5
conftest.c:2:3: error: unknown type name 'choke'
  choke me
  ^
conftest.c:2:11: error: expected ';' after top level declarator
  choke me
          ^
          ;
2 errors generated.
configure:3934: $? = 1
configure: failed program was:
| #ifndef __cplusplus
|   choke me
| #endif
configure:4066: checking dependency style of cc
configure:4156: result: gcc3
configure:4181: checking for C compiler warning flags
configure:4273: result: -Wall
configure:4290: checking for a BSD-compatible install
configure:4345: result: /usr/bin/install -c
configure:4356: checking whether ln -s works
configure:4360: result: yes
configure:4439: checking for a sed that does not truncate output
configure:4493: result: /opt/local/bin/gsed
configure:4496: checking for egrep
configure:4506: result: grep -E
configure:4522: checking for ld used by cc
configure:4589: result: /Applications/Xcode.app/Contents/Developer/Toolchains/XcodeDefault.xctoolchain/usr/bin/ld
configure:4598: checking if the linker (/Applications/Xcode.app/Contents/Developer/Toolchains/XcodeDefault.xctoolchain/usr/bin/ld) is GNU ld
configure:4613: result: no
configure:4618: checking for /Applications/Xcode.app/Contents/Developer/Toolchains/XcodeDefault.xctoolchain/usr/bin/ld option to reload object files
configure:4625: result: -r
configure:4634: checking for BSD-compatible nm
configure:4676: result: /usr/bin/nm
configure:4680: checking how to recognise dependent libraries
configure:4854: result: pass_all
configure:5067: checking how to run the C preprocessor
configure:5102: cc -E  conftest.c
configure:5108: $? = 0
configure:5140: cc -E  conftest.c
conftest.c:11:10: fatal error: 'ac_nonexistent.h' file not found
#include <ac_nonexistent.h>
         ^
1 error generated.
configure:5146: $? = 1
configure: failed program was:
| /* confdefs.h.  */
| 
| #define PACKAGE_NAME "LibTIFF Software"
| #define PACKAGE_TARNAME "tiff"
| #define PACKAGE_VERSION "3.7.3"
| #define PACKAGE_STRING "LibTIFF Software 3.7.3"
| #define PACKAGE_BUGREPORT "tiff@remotesensing.org"
| #define PACKAGE "tiff"
| #define VERSION "3.7.3"
| /* end confdefs.h.  */
| #include <ac_nonexistent.h>
configure:5185: result: cc -E
configure:5209: cc -E  conftest.c
configure:5215: $? = 0
configure:5247: cc -E  conftest.c
conftest.c:11:10: fatal error: 'ac_nonexistent.h' file not found
#include <ac_nonexistent.h>
         ^
1 error generated.
configure:5253: $? = 1
configure: failed program was:
| /* confdefs.h.  */
| 
| #define PACKAGE_NAME "LibTIFF Software"
| #define PACKAGE_TARNAME "tiff"
| #define PACKAGE_VERSION "3.7.3"
| #define PACKAGE_STRING "LibTIFF Software 3.7.3"
| #define PACKAGE_BUGREPORT "tiff@remotesensing.org"
| #define PACKAGE "tiff"
| #define VERSION "3.7.3"
| /* end confdefs.h.  */
| #include <ac_nonexistent.h>
configure:5297: checking for ANSI C header files
configure:5322: cc -c -g -O2 -Wall  conftest.c >&5
configure:5328: $? = 0
configure:5331: test -z 			 || test ! -s conftest.err
configure:5334: $? = 0
configure:5337: test -s conftest.o
configure:5340: $? = 0
configure:5429: cc -o conftest -g -O2 -Wall   conftest.c  >&5
conftest.c:28:7: warning: implicitly declaring library function 'exit' with type 'void (int) __attribute__((noreturn))'
      exit(2);
      ^
conftest.c:28:7: note: please include the header <stdlib.h> or explicitly provide a declaration for 'exit'
1 warning generated.
configure:5432: $? = 0
configure:5434: ./conftest
configure:5437: $? = 0
configure:5452: result: yes
configure:5476: checking for sys/types.h
configure:5492: cc -c -g -O2 -Wall  conftest.c >&5
configure:5498: $? = 0
configure:5501: test -z 			 || test ! -s conftest.err
configure:5504: $? = 0
configure:5507: test -s conftest.o
configure:5510: $? = 0
configure:5521: result: yes
configure:5476: checking for sys/stat.h
configure:5492: cc -c -g -O2 -Wall  conftest.c >&5
configure:5498: $? = 0
configure:5501: test -z 			 || test ! -s conftest.err
configure:5504: $? = 0
configure:5507: test -s conftest.o
configure:5510: $? = 0
configure:5521: result: yes
configure:5476: checking for stdlib.h
configure:5492: cc -c -g -O2 -Wall  conftest.c >&5
configure:5498: $? = 0
configure:5501: test -z 			 || test ! -s conftest.err
configure:5504: $? = 0
configure:5507: test -s conftest.o
configure:5510: $? = 0
configure:5521: result: yes
configure:5476: checking for string.h
configure:5492: cc -c -g -O2 -Wall  conftest.c >&5
configure:5498: $? = 0
configure:5501: test -z 			 || test ! -s conftest.err
configure:5504: $? = 0
configure:5507: test -s conftest.o
configure:5510: $? = 0
configure:5521: result: yes
configure:5476: checking for memory.h
configure:5492: cc -c -g -O2 -Wall  conftest.c >&5
configure:5498: $? = 0
configure:5501: test -z 			 || test ! -s conftest.err
configure:5504: $? = 0
configure:5507: test -s conftest.o
configure:5510: $? = 0
configure:5521: result: yes
configure:5476: checking for strings.h
configure:5492: cc -c -g -O2 -Wall  conftest.c >&5
configure:5498: $? = 0
configure:5501: test -z 			 || test ! -s conftest.err
configure:5504: $? = 0
configure:5507: test -s conftest.o
configure:5510: $? = 0
configure:5521: result: yes
configure:5476: checking for inttypes.h
configure:5492: cc -c -g -O2 -Wall  conftest.c >&5
configure:5498: $? = 0
configure:5501: test -z 			 || test ! -s conftest.err
configure:5504: $? = 0
configure:5507: test -s conftest.o
configure:5510: $? = 0
configure:5521: result: yes
configure:5476: checking for stdint.h
configure:5492: cc -c -g -O2 -Wall  conftest.c >&5
configure:5498: $? = 0
configure:5501: test -z 			 || test ! -s conftest.err
configure:5504: $? = 0
configure:5507: test -s conftest.o
configure:5510: $? = 0
configure:5521: result: yes
configure:5476: checking for unistd.h
configure:5492: cc -c -g -O2 -Wall  conftest.c >&5
configure:5498: $? = 0
configure:5501: test -z 			 || test ! -s conftest.err
configure:5504: $? = 0
configure:5507: test -s conftest.o
configure:5510: $? = 0
configure:5521: result: yes
configure:5547: checking dlfcn.h usability
configure:5559: cc -c -g -O2 -Wall  conftest.c >&5
configure:5565: $? = 0
configure:5568: test -z 			 || test ! -s conftest.err
configure:5571: $? = 0
configure:5574: test -s conftest.o
configure:5577: $? = 0
configure:5587: result: yes
configure:5591: checking dlfcn.h presence
configure:5601: cc -E  conftest.c
configure:5607: $? = 0
configure:5627: result: yes
configure:5662: checking for dlfcn.h
configure:5669: result: yes
configure:5734: checking for g++
configure:5750: found /usr/bin/g++
configure:5760: result: g++
configure:5776: checking for C++ compiler version
configure:5779: g++ --version </dev/null >&5
Configured with: --prefix=/Applications/Xcode.app/Contents/Developer/usr --with-gxx-include-dir=/usr/include/c++/4.2.1
Apple LLVM version 5.0 (clang-500.2.79) (based on LLVM 3.3svn)
Target: x86_64-apple-darwin13.0.0
Thread model: posix
configure:5782: $? = 0
configure:5784: g++ -v </dev/null >&5
Configured with: --prefix=/Applications/Xcode.app/Contents/Developer/usr --with-gxx-include-dir=/usr/include/c++/4.2.1
Apple LLVM version 5.0 (clang-500.2.79) (based on LLVM 3.3svn)
Target: x86_64-apple-darwin13.0.0
Thread model: posix
configure:5787: $? = 0
configure:5789: g++ -V </dev/null >&5
clang: error: argument to '-V' is missing (expected 1 value)
clang: error: no input files
configure:5792: $? = 1
configure:5795: checking whether we are using the GNU C++ compiler
configure:5819: g++ -c   conftest.cc >&5
configure:5825: $? = 0
configure:5828: test -z 			 || test ! -s conftest.err
configure:5831: $? = 0
configure:5834: test -s conftest.o
configure:5837: $? = 0
configure:5850: result: yes
configure:5856: checking whether g++ accepts -g
configure:5877: g++ -c -g  conftest.cc >&5
configure:5883: $? = 0
configure:5886: test -z 			 || test ! -s conftest.err
configure:5889: $? = 0
configure:5892: test -s conftest.o
configure:5895: $? = 0
configure:5906: result: yes
configure:5948: g++ -c -g -O2  conftest.cc >&5
configure:5954: $? = 0
configure:5957: test -z 			 || test ! -s conftest.err
configure:5960: $? = 0
configure:5963: test -s conftest.o
configure:5966: $? = 0
configure:5992: g++ -c -g -O2  conftest.cc >&5
conftest.cc:26:1: error: use of undeclared identifier 'exit'
exit (42);
^
1 error generated.
configure:5998: $? = 1
configure: failed program was:
| /* confdefs.h.  */
| 
| #define PACKAGE_NAME "LibTIFF Software"
| #define PACKAGE_TARNAME "tiff"
| #define PACKAGE_VERSION "3.7.3"
| #define PACKAGE_STRING "LibTIFF Software 3.7.3"
| #define PACKAGE_BUGREPORT "tiff@remotesensing.org"
| #define PACKAGE "tiff"
| #define VERSION "3.7.3"
| #define STDC_HEADERS 1
| #define HAVE_SYS_TYPES_H 1
| #define HAVE_SYS_STAT_H 1
| #define HAVE_STDLIB_H 1
| #define HAVE_STRING_H 1
| #define HAVE_MEMORY_H 1
| #define HAVE_STRINGS_H 1
| #define HAVE_INTTYPES_H 1
| #define HAVE_STDINT_H 1
| #define HAVE_UNISTD_H 1
| #define HAVE_DLFCN_H 1
| /* end confdefs.h.  */
| 
| int
| main ()
| {
| exit (42);
|   ;
|   return 0;
| }
configure:5948: g++ -c -g -O2  conftest.cc >&5
conftest.cc:22:17: error: use of undeclared identifier 'std'
extern "C" void std::exit (int) throw (); using std::exit;
                ^
conftest.cc:22:49: error: use of undeclared identifier 'std'
extern "C" void std::exit (int) throw (); using std::exit;
                                                ^
2 errors generated.
configure:5954: $? = 1
configure: failed program was:
| /* confdefs.h.  */
| 
| #define PACKAGE_NAME "LibTIFF Software"
| #define PACKAGE_TARNAME "tiff"
| #define PACKAGE_VERSION "3.7.3"
| #define PACKAGE_STRING "LibTIFF Software 3.7.3"
| #define PACKAGE_BUGREPORT "tiff@remotesensing.org"
| #define PACKAGE "tiff"
| #define VERSION "3.7.3"
| #define STDC_HEADERS 1
| #define HAVE_SYS_TYPES_H 1
| #define HAVE_SYS_STAT_H 1
| #define HAVE_STDLIB_H 1
| #define HAVE_STRING_H 1
| #define HAVE_MEMORY_H 1
| #define HAVE_STRINGS_H 1
| #define HAVE_INTTYPES_H 1
| #define HAVE_STDINT_H 1
| #define HAVE_UNISTD_H 1
| #define HAVE_DLFCN_H 1
| /* end confdefs.h.  */
| extern "C" void std::exit (int) throw (); using std::exit;
| #include <stdlib.h>
| int
| main ()
| {
| exit (42);
|   ;
|   return 0;
| }
configure:5948: g++ -c -g -O2  conftest.cc >&5
conftest.cc:22:17: error: use of undeclared identifier 'std'
extern "C" void std::exit (int); using std::exit;
                ^
conftest.cc:22:40: error: use of undeclared identifier 'std'
extern "C" void std::exit (int); using std::exit;
                                       ^
2 errors generated.
configure:5954: $? = 1
configure: failed program was:
| /* confdefs.h.  */
| 
| #define PACKAGE_NAME "LibTIFF Software"
| #define PACKAGE_TARNAME "tiff"
| #define PACKAGE_VERSION "3.7.3"
| #define PACKAGE_STRING "LibTIFF Software 3.7.3"
| #define PACKAGE_BUGREPORT "tiff@remotesensing.org"
| #define PACKAGE "tiff"
| #define VERSION "3.7.3"
| #define STDC_HEADERS 1
| #define HAVE_SYS_TYPES_H 1
| #define HAVE_SYS_STAT_H 1
| #define HAVE_STDLIB_H 1
| #define HAVE_STRING_H 1
| #define HAVE_MEMORY_H 1
| #define HAVE_STRINGS_H 1
| #define HAVE_INTTYPES_H 1
| #define HAVE_STDINT_H 1
| #define HAVE_UNISTD_H 1
| #define HAVE_DLFCN_H 1
| /* end confdefs.h.  */
| extern "C" void std::exit (int); using std::exit;
| #include <stdlib.h>
| int
| main ()
| {
| exit (42);
|   ;
|   return 0;
| }
configure:5948: g++ -c -g -O2  conftest.cc >&5
configure:5954: $? = 0
configure:5957: test -z 			 || test ! -s conftest.err
configure:5960: $? = 0
configure:5963: test -s conftest.o
configure:5966: $? = 0
configure:5992: g++ -c -g -O2  conftest.cc >&5
configure:5998: $? = 0
configure:6001: test -z 			 || test ! -s conftest.err
configure:6004: $? = 0
configure:6007: test -s conftest.o
configure:6010: $? = 0
configure:6035: checking dependency style of g++
configure:6125: result: gcc3
configure:6147: checking how to run the C++ preprocessor
configure:6178: g++ -E  conftest.cc
configure:6184: $? = 0
configure:6216: g++ -E  conftest.cc
conftest.cc:25:10: fatal error: 'ac_nonexistent.h' file not found
#include <ac_nonexistent.h>
         ^
1 error generated.
configure:6222: $? = 1
configure: failed program was:
| /* confdefs.h.  */
| 
| #define PACKAGE_NAME "LibTIFF Software"
| #define PACKAGE_TARNAME "tiff"
| #define PACKAGE_VERSION "3.7.3"
| #define PACKAGE_STRING "LibTIFF Software 3.7.3"
| #define PACKAGE_BUGREPORT "tiff@remotesensing.org"
| #define PACKAGE "tiff"
| #define VERSION "3.7.3"
| #define STDC_HEADERS 1
| #define HAVE_SYS_TYPES_H 1
| #define HAVE_SYS_STAT_H 1
| #define HAVE_STDLIB_H 1
| #define HAVE_STRING_H 1
| #define HAVE_MEMORY_H 1
| #define HAVE_STRINGS_H 1
| #define HAVE_INTTYPES_H 1
| #define HAVE_STDINT_H 1
| #define HAVE_UNISTD_H 1
| #define HAVE_DLFCN_H 1
| #ifdef __cplusplus
| extern "C" void exit (int) throw ();
| #endif
| /* end confdefs.h.  */
| #include <ac_nonexistent.h>
configure:6261: result: g++ -E
configure:6285: g++ -E  conftest.cc
configure:6291: $? = 0
configure:6323: g++ -E  conftest.cc
conftest.cc:25:10: fatal error: 'ac_nonexistent.h' file not found
#include <ac_nonexistent.h>
         ^
1 error generated.
configure:6329: $? = 1
configure: failed program was:
| /* confdefs.h.  */
| 
| #define PACKAGE_NAME "LibTIFF Software"
| #define PACKAGE_TARNAME "tiff"
| #define PACKAGE_VERSION "3.7.3"
| #define PACKAGE_STRING "LibTIFF Software 3.7.3"
| #define PACKAGE_BUGREPORT "tiff@remotesensing.org"
| #define PACKAGE "tiff"
| #define VERSION "3.7.3"
| #define STDC_HEADERS 1
| #define HAVE_SYS_TYPES_H 1
| #define HAVE_SYS_STAT_H 1
| #define HAVE_STDLIB_H 1
| #define HAVE_STRING_H 1
| #define HAVE_MEMORY_H 1
| #define HAVE_STRINGS_H 1
| #define HAVE_INTTYPES_H 1
| #define HAVE_STDINT_H 1
| #define HAVE_UNISTD_H 1
| #define HAVE_DLFCN_H 1
| #ifdef __cplusplus
| extern "C" void exit (int) throw ();
| #endif
| /* end confdefs.h.  */
| #include <ac_nonexistent.h>
configure:6424: checking for g77
configure:6453: result: no
configure:6424: checking for f77
configure:6453: result: no
configure:6424: checking for xlf
configure:6453: result: no
configure:6424: checking for frt
configure:6453: result: no
configure:6424: checking for pgf77
configure:6453: result: no
configure:6424: checking for fort77
configure:6453: result: no
configure:6424: checking for fl32
configure:6453: result: no
configure:6424: checking for af77
configure:6453: result: no
configure:6424: checking for f90
configure:6453: result: no
configure:6424: checking for xlf90
configure:6453: result: no
configure:6424: checking for pgf90
configure:6453: result: no
configure:6424: checking for epcf90
configure:6453: result: no
configure:6424: checking for f95
configure:6453: result: no
configure:6424: checking for fort
configure:6453: result: no
configure:6424: checking for xlf95
configure:6453: result: no
configure:6424: checking for ifc
configure:6453: result: no
configure:6424: checking for efc
configure:6453: result: no
configure:6424: checking for pgf95
configure:6453: result: no
configure:6424: checking for lf95
configure:6453: result: no
configure:6424: checking for gfortran
configure:6440: found /usr/local/bin/gfortran
configure:6450: result: gfortran
configure:6465: checking for Fortran 77 compiler version
configure:6468: gfortran --version </dev/null >&5
GNU Fortran (GCC) 4.6.2 20111019 (prerelease)
Copyright (C) 2011 Free Software Foundation, Inc.

GNU Fortran comes with NO WARRANTY, to the extent permitted by law.
You may redistribute copies of GNU Fortran
under the terms of the GNU General Public License.
For more information about these matters, see the file named COPYING

configure:6471: $? = 0
configure:6473: gfortran -v </dev/null >&5
Using built-in specs.
COLLECT_GCC=gfortran
COLLECT_LTO_WRAPPER=/usr/local/gfortran/libexec/gcc/x86_64-apple-darwin11/4.6.2/lto-wrapper
Target: x86_64-apple-darwin11
Configured with: ../gcc-4.6.2-RC-20111019/configure --prefix=/usr/local/gfortran --with-gmp=/Users/fx/devel/gcc/deps-static/x86_64 --enable-languages=c,c++,fortran,objc,obj-c++ --build=x86_64-apple-darwin11
Thread model: posix
gcc version 4.6.2 20111019 (prerelease) (GCC) 
configure:6476: $? = 0
configure:6478: gfortran -V </dev/null >&5
gfortran: error: unrecognized option '-V'
gfortran: fatal error: no input files
compilation terminated.
configure:6481: $? = 1
configure:6489: checking whether we are using the GNU Fortran 77 compiler
configure:6503: gfortran -c  conftest.F >&5
configure:6509: $? = 0
configure:6512: test -z 			 || test ! -s conftest.err
configure:6515: $? = 0
configure:6518: test -s conftest.o
configure:6521: $? = 0
configure:6534: result: yes
configure:6540: checking whether gfortran accepts -g
configure:6552: gfortran -c -g conftest.f >&5
configure:6558: $? = 0
configure:6561: test -z 			 || test ! -s conftest.err
configure:6564: $? = 0
configure:6567: test -s conftest.o
configure:6570: $? = 0
configure:6582: result: yes
configure:6612: checking the maximum length of command line arguments
configure:6677: result: 65536
configure:6688: checking command to parse /usr/bin/nm output from cc object
configure:6777: cc -c -g -O2 -Wall  conftest.c >&5
configure:6780: $? = 0
configure:6784: /usr/bin/nm conftest.o \| sed -n -e 's/^.*[ 	]\([BCDEGRST][BCDEGRST]*\)[ 	][ 	]*\(\)\([_A-Za-z][_A-Za-z0-9]*\)$/\1 \2\3 \3/p' \> conftest.nm
configure:6787: $? = 0
cannot find nm_test_var in conftest.nm
configure:6777: cc -c -g -O2 -Wall  conftest.c >&5
configure:6780: $? = 0
configure:6784: /usr/bin/nm conftest.o \| sed -n -e 's/^.*[ 	]\([BCDEGRST][BCDEGRST]*\)[ 	][ 	]*\(_\)\([_A-Za-z][_A-Za-z0-9]*\)$/\1 \2\3 \3/p' \> conftest.nm
configure:6787: $? = 0
configure:6839: cc -o conftest -g -O2 -Wall   conftest.c conftstm.o >&5
configure:6842: $? = 0
configure:6880: result: ok
configure:6884: checking for objdir
configure:6899: result: .libs
configure:6989: checking for ar
configure:7005: found /usr/bin/ar
configure:7016: result: ar
configure:7069: checking for ranlib
configure:7085: found /usr/bin/ranlib
configure:7096: result: ranlib
configure:7149: checking for strip
configure:7165: found /usr/bin/strip
configure:7176: result: strip
configure:7438: checking if cc static flag  works
configure:7461: result: yes
configure:7483: checking if cc supports -fno-rtti -fno-exceptions
configure:7501: cc -c -g -O2 -Wall  -fno-rtti -fno-exceptions conftest.c >&5
configure:7505: $? = 0
configure:7516: result: yes
configure:7531: checking for cc option to produce PIC
configure:7708: result: -fno-common
configure:7716: checking if cc PIC flag -fno-common works
configure:7734: cc -c -g -O2 -Wall  -fno-common -DPIC conftest.c >&5
configure:7738: $? = 0
configure:7749: result: yes
configure:7773: checking if cc supports -c -o file.o
configure:7794: cc -c -g -O2 -Wall  -o out/conftest2.o conftest.c >&5
configure:7798: $? = 0
configure:7818: result: yes
configure:7844: checking whether the cc linker (/Applications/Xcode.app/Contents/Developer/Toolchains/XcodeDefault.xctoolchain/usr/bin/ld) supports shared libraries
configure:8691: result: yes
configure:8762: checking dynamic linker characteristics
configure:9314: result: darwin13.0.0 dyld
configure:9318: checking how to hardcode library paths into programs
configure:9343: result: immediate
configure:9357: checking whether stripping libraries is possible
configure:9370: result: yes
configure:10185: checking if libtool supports shared libraries
configure:10187: result: yes
configure:10190: checking whether to build shared libraries
configure:10248: result: no
configure:10251: checking whether to build static libraries
configure:10255: result: yes
configure:10347: creating libtool
configure:10894: checking for ld used by g++
configure:10961: result: /Applications/Xcode.app/Contents/Developer/Toolchains/XcodeDefault.xctoolchain/usr/bin/ld
configure:10970: checking if the linker (/Applications/Xcode.app/Contents/Developer/Toolchains/XcodeDefault.xctoolchain/usr/bin/ld) is GNU ld
configure:10985: result: no
configure:11036: checking whether the g++ linker (/Applications/Xcode.app/Contents/Developer/Toolchains/XcodeDefault.xctoolchain/usr/bin/ld) supports shared libraries
configure:11862: result: yes
configure:11884: g++ -c -g -O2  conftest.cc >&5
configure:11887: $? = 0
configure:11983: checking for g++ option to produce PIC
configure:12235: result: -fno-common
configure:12243: checking if g++ PIC flag -fno-common works
configure:12261: g++ -c -g -O2  -fno-common -DPIC conftest.cc >&5
configure:12265: $? = 0
configure:12276: result: yes
configure:12300: checking if g++ supports -c -o file.o
configure:12321: g++ -c -g -O2  -o out/conftest2.o conftest.cc >&5
configure:12325: $? = 0
configure:12345: result: yes
configure:12371: checking whether the g++ linker (/Applications/Xcode.app/Contents/Developer/Toolchains/XcodeDefault.xctoolchain/usr/bin/ld) supports shared libraries
configure:12399: result: yes
configure:12470: checking dynamic linker characteristics
configure:13022: result: darwin13.0.0 dyld
configure:13026: checking how to hardcode library paths into programs
configure:13051: result: immediate
configure:13065: checking whether stripping libraries is possible
configure:13078: result: yes
configure:14370: checking if libtool supports shared libraries
configure:14372: result: yes
configure:14375: checking whether to build shared libraries
configure:14393: result: no
configure:14396: checking whether to build static libraries
configure:14400: result: yes
configure:14412: checking for gfortran option to produce PIC
configure:14589: result: -fno-common
configure:14597: checking if gfortran PIC flag -fno-common works
configure:14615: gfortran -c -g -O2 -fno-common conftest.f >&5
configure:14619: $? = 0
configure:14630: result: yes
configure:14654: checking if gfortran supports -c -o file.o
configure:14675: gfortran -c -g -O2 -o out/conftest2.o conftest.f >&5
configure:14679: $? = 0
configure:14699: result: yes
configure:14725: checking whether the gfortran linker (/Applications/Xcode.app/Contents/Developer/Toolchains/XcodeDefault.xctoolchain/usr/bin/ld) supports shared libraries
configure:15552: result: yes
configure:15623: checking dynamic linker characteristics
configure:16175: result: darwin13.0.0 dyld
configure:16179: checking how to hardcode library paths into programs
configure:16204: result: immediate
configure:16218: checking whether stripping libraries is possible
configure:16231: result: yes
configure:20319: checking for main in -lc
configure:20343: cc -o conftest -g -O2 -Wall   conftest.c -lc   >&5
configure:20349: $? = 0
configure:20352: test -z 			 || test ! -s conftest.err
configure:20355: $? = 0
configure:20358: test -s conftest
configure:20361: $? = 0
configure:20374: result: yes
configure:20480: checking assert.h usability
configure:20492: cc -c -g -O2 -Wall  conftest.c >&5
configure:20498: $? = 0
configure:20501: test -z 			 || test ! -s conftest.err
configure:20504: $? = 0
configure:20507: test -s conftest.o
configure:20510: $? = 0
configure:20520: result: yes
configure:20524: checking assert.h presence
configure:20534: cc -E  conftest.c
configure:20540: $? = 0
configure:20560: result: yes
configure:20595: checking for assert.h
configure:20602: result: yes
configure:20480: checking fcntl.h usability
configure:20492: cc -c -g -O2 -Wall  conftest.c >&5
configure:20498: $? = 0
configure:20501: test -z 			 || test ! -s conftest.err
configure:20504: $? = 0
configure:20507: test -s conftest.o
configure:20510: $? = 0
configure:20520: result: yes
configure:20524: checking fcntl.h presence
configure:20534: cc -E  conftest.c
configure:20540: $? = 0
configure:20560: result: yes
configure:20595: checking for fcntl.h
configure:20602: result: yes
configure:20480: checking limits.h usability
configure:20492: cc -c -g -O2 -Wall  conftest.c >&5
configure:20498: $? = 0
configure:20501: test -z 			 || test ! -s conftest.err
configure:20504: $? = 0
configure:20507: test -s conftest.o
configure:20510: $? = 0
configure:20520: result: yes
configure:20524: checking limits.h presence
configure:20534: cc -E  conftest.c
configure:20540: $? = 0
configure:20560: result: yes
configure:20595: checking for limits.h
configure:20602: result: yes
configure:20480: checking malloc.h usability
configure:20492: cc -c -g -O2 -Wall  conftest.c >&5
conftest.c:63:10: fatal error: 'malloc.h' file not found
#include <malloc.h>
         ^
1 error generated.
configure:20498: $? = 1
configure: failed program was:
| /* confdefs.h.  */
| 
| #define PACKAGE_NAME "LibTIFF Software"
| #define PACKAGE_TARNAME "tiff"
| #define PACKAGE_VERSION "3.7.3"
| #define PACKAGE_STRING "LibTIFF Software 3.7.3"
| #define PACKAGE_BUGREPORT "tiff@remotesensing.org"
| #define PACKAGE "tiff"
| #define VERSION "3.7.3"
| #define STDC_HEADERS 1
| #define HAVE_SYS_TYPES_H 1
| #define HAVE_SYS_STAT_H 1
| #define HAVE_STDLIB_H 1
| #define HAVE_STRING_H 1
| #define HAVE_MEMORY_H 1
| #define HAVE_STRINGS_H 1
| #define HAVE_INTTYPES_H 1
| #define HAVE_STDINT_H 1
| #define HAVE_UNISTD_H 1
| #define HAVE_DLFCN_H 1
| #ifdef __cplusplus
| extern "C" void exit (int) throw ();
| #endif
| #define HAVE_LIBC 1
| #define HAVE_ASSERT_H 1
| #define HAVE_FCNTL_H 1
| #define HAVE_LIMITS_H 1
| /* end confdefs.h.  */
| #include <stdio.h>
| #if HAVE_SYS_TYPES_H
| # include <sys/types.h>
| #endif
| #if HAVE_SYS_STAT_H
| # include <sys/stat.h>
| #endif
| #if STDC_HEADERS
| # include <stdlib.h>
| # include <stddef.h>
| #else
| # if HAVE_STDLIB_H
| #  include <stdlib.h>
| # endif
| #endif
| #if HAVE_STRING_H
| # if !STDC_HEADERS && HAVE_MEMORY_H
| #  include <memory.h>
| # endif
| # include <string.h>
| #endif
| #if HAVE_STRINGS_H
| # include <strings.h>
| #endif
| #if HAVE_INTTYPES_H
| # include <inttypes.h>
| #else
| # if HAVE_STDINT_H
| #  include <stdint.h>
| # endif
| #endif
| #if HAVE_UNISTD_H
| # include <unistd.h>
| #endif
| #include <malloc.h>
configure:20520: result: no
configure:20524: checking malloc.h presence
configure:20534: cc -E  conftest.c
conftest.c:29:10: fatal error: 'malloc.h' file not found
#include <malloc.h>
         ^
1 error generated.
configure:20540: $? = 1
configure: failed program was:
| /* confdefs.h.  */
| 
| #define PACKAGE_NAME "LibTIFF Software"
| #define PACKAGE_TARNAME "tiff"
| #define PACKAGE_VERSION "3.7.3"
| #define PACKAGE_STRING "LibTIFF Software 3.7.3"
| #define PACKAGE_BUGREPORT "tiff@remotesensing.org"
| #define PACKAGE "tiff"
| #define VERSION "3.7.3"
| #define STDC_HEADERS 1
| #define HAVE_SYS_TYPES_H 1
| #define HAVE_SYS_STAT_H 1
| #define HAVE_STDLIB_H 1
| #define HAVE_STRING_H 1
| #define HAVE_MEMORY_H 1
| #define HAVE_STRINGS_H 1
| #define HAVE_INTTYPES_H 1
| #define HAVE_STDINT_H 1
| #define HAVE_UNISTD_H 1
| #define HAVE_DLFCN_H 1
| #ifdef __cplusplus
| extern "C" void exit (int) throw ();
| #endif
| #define HAVE_LIBC 1
| #define HAVE_ASSERT_H 1
| #define HAVE_FCNTL_H 1
| #define HAVE_LIMITS_H 1
| /* end confdefs.h.  */
| #include <malloc.h>
configure:20560: result: no
configure:20595: checking for malloc.h
configure:20602: result: no
configure:20480: checking search.h usability
configure:20492: cc -c -g -O2 -Wall  conftest.c >&5
configure:20498: $? = 0
configure:20501: test -z 			 || test ! -s conftest.err
configure:20504: $? = 0
configure:20507: test -s conftest.o
configure:20510: $? = 0
configure:20520: result: yes
configure:20524: checking search.h presence
configure:20534: cc -E  conftest.c
configure:20540: $? = 0
configure:20560: result: yes
configure:20595: checking for search.h
configure:20602: result: yes
configure:20480: checking sys/time.h usability
configure:20492: cc -c -g -O2 -Wall  conftest.c >&5
configure:20498: $? = 0
configure:20501: test -z 			 || test ! -s conftest.err
configure:20504: $? = 0
configure:20507: test -s conftest.o
configure:20510: $? = 0
configure:20520: result: yes
configure:20524: checking sys/time.h presence
configure:20534: cc -E  conftest.c
configure:20540: $? = 0
configure:20560: result: yes
configure:20595: checking for sys/time.h
configure:20602: result: yes
configure:20471: checking for unistd.h
configure:20476: result: yes
configure:20616: checking for an ANSI C-conforming const
configure:20683: cc -c -g -O2 -Wall  conftest.c >&5
conftest.c:59:17: warning: unused variable 's' [-Wunused-variable]
    char const *s = 0 ? (char *) 0 : (char const *) 0;
                ^
conftest.c:79:15: warning: unused variable 'foo' [-Wunused-variable]
    const int foo = 10;
              ^
conftest.c:40:17: warning: unused variable 'x' [-Wunused-variable]
  const charset x;
                ^
conftest.c:46:29: warning: unused variable 'zero' [-Wunused-variable]
  static struct point const zero = {0,0};
                            ^
conftest.c:61:6: warning: variable 't' is uninitialized when used here [-Wuninitialized]
    *t++ = 0;
     ^
conftest.c:58:12: note: initialize the variable 't' to silence this warning
    char *t;
           ^
            = 0
conftest.c:76:18: warning: variable 'b' is uninitialized when used here [-Wuninitialized]
    struct s *b; b->j = 5;
                 ^
conftest.c:76:16: note: initialize the variable 'b' to silence this warning
    struct s *b; b->j = 5;
               ^
                = 0
6 warnings generated.
configure:20689: $? = 0
configure:20692: test -z 			 || test ! -s conftest.err
configure:20695: $? = 0
configure:20698: test -s conftest.o
configure:20701: $? = 0
configure:20712: result: yes
configure:20722: checking for inline
configure:20743: cc -c -g -O2 -Wall  conftest.c >&5
configure:20749: $? = 0
configure:20752: test -z 			 || test ! -s conftest.err
configure:20755: $? = 0
configure:20758: test -s conftest.o
configure:20761: $? = 0
configure:20773: result: inline
configure:20792: checking whether byte ordering is bigendian
configure:20819: cc -c -g -O2 -Wall  conftest.c >&5
configure:20825: $? = 0
configure:20828: test -z 			 || test ! -s conftest.err
configure:20831: $? = 0
configure:20834: test -s conftest.o
configure:20837: $? = 0
configure:20861: cc -c -g -O2 -Wall  conftest.c >&5
conftest.c:39:2: error: use of undeclared identifier 'not'
 not big endian
 ^
1 error generated.
configure:20867: $? = 1
configure: failed program was:
| /* confdefs.h.  */
| 
| #define PACKAGE_NAME "LibTIFF Software"
| #define PACKAGE_TARNAME "tiff"
| #define PACKAGE_VERSION "3.7.3"
| #define PACKAGE_STRING "LibTIFF Software 3.7.3"
| #define PACKAGE_BUGREPORT "tiff@remotesensing.org"
| #define PACKAGE "tiff"
| #define VERSION "3.7.3"
| #define STDC_HEADERS 1
| #define HAVE_SYS_TYPES_H 1
| #define HAVE_SYS_STAT_H 1
| #define HAVE_STDLIB_H 1
| #define HAVE_STRING_H 1
| #define HAVE_MEMORY_H 1
| #define HAVE_STRINGS_H 1
| #define HAVE_INTTYPES_H 1
| #define HAVE_STDINT_H 1
| #define HAVE_UNISTD_H 1
| #define HAVE_DLFCN_H 1
| #ifdef __cplusplus
| extern "C" void exit (int) throw ();
| #endif
| #define HAVE_LIBC 1
| #define HAVE_ASSERT_H 1
| #define HAVE_FCNTL_H 1
| #define HAVE_LIMITS_H 1
| #define HAVE_SEARCH_H 1
| #define HAVE_SYS_TIME_H 1
| #define HAVE_UNISTD_H 1
| /* end confdefs.h.  */
| #include <sys/types.h>
| #include <sys/param.h>
| 
| int
| main ()
| {
| #if BYTE_ORDER != BIG_ENDIAN
|  not big endian
| #endif
| 
|   ;
|   return 0;
| }
configure:21000: result: no
configure:21019: checking for off_t
configure:21043: cc -c -g -O2 -Wall  conftest.c >&5
configure:21049: $? = 0
configure:21052: test -z 			 || test ! -s conftest.err
configure:21055: $? = 0
configure:21058: test -s conftest.o
configure:21061: $? = 0
configure:21072: result: yes
configure:21084: checking for size_t
configure:21108: cc -c -g -O2 -Wall  conftest.c >&5
configure:21114: $? = 0
configure:21117: test -z 			 || test ! -s conftest.err
configure:21120: $? = 0
configure:21123: test -s conftest.o
configure:21126: $? = 0
configure:21137: result: yes
configure:21149: checking for int
configure:21173: cc -c -g -O2 -Wall  conftest.c >&5
configure:21179: $? = 0
configure:21182: test -z 			 || test ! -s conftest.err
configure:21185: $? = 0
configure:21188: test -s conftest.o
configure:21191: $? = 0
configure:21202: result: yes
configure:21205: checking size of int
configure:21517: cc -o conftest -g -O2 -Wall   conftest.c -lc  >&5
configure:21520: $? = 0
configure:21522: ./conftest
configure:21525: $? = 0
configure:21548: result: 4
configure:21555: checking for long
configure:21579: cc -c -g -O2 -Wall  conftest.c >&5
configure:21585: $? = 0
configure:21588: test -z 			 || test ! -s conftest.err
configure:21591: $? = 0
configure:21594: test -s conftest.o
configure:21597: $? = 0
configure:21608: result: yes
configure:21611: checking size of long
configure:21923: cc -o conftest -g -O2 -Wall   conftest.c -lc  >&5
configure:21926: $? = 0
configure:21928: ./conftest
configure:21931: $? = 0
configure:21954: result: 8
configure:21961: checking whether time.h and sys/time.h may both be included
configure:21986: cc -c -g -O2 -Wall  conftest.c >&5
configure:21992: $? = 0
configure:21995: test -z 			 || test ! -s conftest.err
configure:21998: $? = 0
configure:22001: test -s conftest.o
configure:22004: $? = 0
configure:22015: result: yes
configure:22025: checking whether struct tm is in sys/time.h or time.h
configure:22048: cc -c -g -O2 -Wall  conftest.c >&5
conftest.c:41:20: warning: expression result unused [-Wunused-value]
struct tm *tp; tp->tm_sec;
               ~~  ^~~~~~
conftest.c:41:16: warning: variable 'tp' is uninitialized when used here [-Wuninitialized]
struct tm *tp; tp->tm_sec;
               ^~
conftest.c:41:14: note: initialize the variable 'tp' to silence this warning
struct tm *tp; tp->tm_sec;
             ^
              = NULL
2 warnings generated.
configure:22054: $? = 0
configure:22057: test -z 			 || test ! -s conftest.err
configure:22060: $? = 0
configure:22063: test -s conftest.o
configure:22066: $? = 0
configure:22077: result: time.h
configure:22087: checking for int8
configure:22116: cc -c -g -O2 -Wall  conftest.c >&5
conftest.c:44:6: error: use of undeclared identifier 'int8'; did you mean 'int'?
if ((int8 *) 0)
     ^
conftest.c:44:12: error: expected expression
if ((int8 *) 0)
           ^
conftest.c:46:13: error: use of undeclared identifier 'int8'; did you mean 'int'?
if (sizeof (int8))
            ^
3 errors generated.
configure:22122: $? = 1
configure: failed program was:
| /* confdefs.h.  */
| 
| #define PACKAGE_NAME "LibTIFF Software"
| #define PACKAGE_TARNAME "tiff"
| #define PACKAGE_VERSION "3.7.3"
| #define PACKAGE_STRING "LibTIFF Software 3.7.3"
| #define PACKAGE_BUGREPORT "tiff@remotesensing.org"
| #define PACKAGE "tiff"
| #define VERSION "3.7.3"
| #define STDC_HEADERS 1
| #define HAVE_SYS_TYPES_H 1
| #define HAVE_SYS_STAT_H 1
| #define HAVE_STDLIB_H 1
| #define HAVE_STRING_H 1
| #define HAVE_MEMORY_H 1
| #define HAVE_STRINGS_H 1
| #define HAVE_INTTYPES_H 1
| #define HAVE_STDINT_H 1
| #define HAVE_UNISTD_H 1
| #define HAVE_DLFCN_H 1
| #ifdef __cplusplus
| extern "C" void exit (int) throw ();
| #endif
| #define HAVE_LIBC 1
| #define HAVE_ASSERT_H 1
| #define HAVE_FCNTL_H 1
| #define HAVE_LIMITS_H 1
| #define HAVE_SEARCH_H 1
| #define HAVE_SYS_TIME_H 1
| #define HAVE_UNISTD_H 1
| #define SIZEOF_INT 4
| #define SIZEOF_LONG 8
| #define TIME_WITH_SYS_TIME 1
| /* end confdefs.h.  */
| 
| #if HAVE_INTTYPES_H
| # include <inttypes.h>
| #endif
| 
| 
| int
| main ()
| {
| if ((int8 *) 0)
|   return 0;
| if (sizeof (int8))
|   return 0;
|   ;
|   return 0;
| }
configure:22145: result: no
configure:22155: checking for int16
configure:22184: cc -c -g -O2 -Wall  conftest.c >&5
conftest.c:44:6: error: use of undeclared identifier 'int16'
if ((int16 *) 0)
     ^
conftest.c:44:13: error: expected expression
if ((int16 *) 0)
            ^
conftest.c:46:13: error: use of undeclared identifier 'int16'
if (sizeof (int16))
            ^
3 errors generated.
configure:22190: $? = 1
configure: failed program was:
| /* confdefs.h.  */
| 
| #define PACKAGE_NAME "LibTIFF Software"
| #define PACKAGE_TARNAME "tiff"
| #define PACKAGE_VERSION "3.7.3"
| #define PACKAGE_STRING "LibTIFF Software 3.7.3"
| #define PACKAGE_BUGREPORT "tiff@remotesensing.org"
| #define PACKAGE "tiff"
| #define VERSION "3.7.3"
| #define STDC_HEADERS 1
| #define HAVE_SYS_TYPES_H 1
| #define HAVE_SYS_STAT_H 1
| #define HAVE_STDLIB_H 1
| #define HAVE_STRING_H 1
| #define HAVE_MEMORY_H 1
| #define HAVE_STRINGS_H 1
| #define HAVE_INTTYPES_H 1
| #define HAVE_STDINT_H 1
| #define HAVE_UNISTD_H 1
| #define HAVE_DLFCN_H 1
| #ifdef __cplusplus
| extern "C" void exit (int) throw ();
| #endif
| #define HAVE_LIBC 1
| #define HAVE_ASSERT_H 1
| #define HAVE_FCNTL_H 1
| #define HAVE_LIMITS_H 1
| #define HAVE_SEARCH_H 1
| #define HAVE_SYS_TIME_H 1
| #define HAVE_UNISTD_H 1
| #define SIZEOF_INT 4
| #define SIZEOF_LONG 8
| #define TIME_WITH_SYS_TIME 1
| /* end confdefs.h.  */
| 
| #if HAVE_INTTYPES_H
| # include <inttypes.h>
| #endif
| 
| 
| int
| main ()
| {
| if ((int16 *) 0)
|   return 0;
| if (sizeof (int16))
|   return 0;
|   ;
|   return 0;
| }
configure:22213: result: no
configure:22223: checking for int32
configure:22252: cc -c -g -O2 -Wall  conftest.c >&5
conftest.c:44:6: error: use of undeclared identifier 'int32'
if ((int32 *) 0)
     ^
conftest.c:44:13: error: expected expression
if ((int32 *) 0)
            ^
conftest.c:46:13: error: use of undeclared identifier 'int32'
if (sizeof (int32))
            ^
3 errors generated.
configure:22258: $? = 1
configure: failed program was:
| /* confdefs.h.  */
| 
| #define PACKAGE_NAME "LibTIFF Software"
| #define PACKAGE_TARNAME "tiff"
| #define PACKAGE_VERSION "3.7.3"
| #define PACKAGE_STRING "LibTIFF Software 3.7.3"
| #define PACKAGE_BUGREPORT "tiff@remotesensing.org"
| #define PACKAGE "tiff"
| #define VERSION "3.7.3"
| #define STDC_HEADERS 1
| #define HAVE_SYS_TYPES_H 1
| #define HAVE_SYS_STAT_H 1
| #define HAVE_STDLIB_H 1
| #define HAVE_STRING_H 1
| #define HAVE_MEMORY_H 1
| #define HAVE_STRINGS_H 1
| #define HAVE_INTTYPES_H 1
| #define HAVE_STDINT_H 1
| #define HAVE_UNISTD_H 1
| #define HAVE_DLFCN_H 1
| #ifdef __cplusplus
| extern "C" void exit (int) throw ();
| #endif
| #define HAVE_LIBC 1
| #define HAVE_ASSERT_H 1
| #define HAVE_FCNTL_H 1
| #define HAVE_LIMITS_H 1
| #define HAVE_SEARCH_H 1
| #define HAVE_SYS_TIME_H 1
| #define HAVE_UNISTD_H 1
| #define SIZEOF_INT 4
| #define SIZEOF_LONG 8
| #define TIME_WITH_SYS_TIME 1
| /* end confdefs.h.  */
| 
| #if HAVE_INTTYPES_H
| # include <inttypes.h>
| #endif
| 
| 
| int
| main ()
| {
| if ((int32 *) 0)
|   return 0;
| if (sizeof (int32))
|   return 0;
|   ;
|   return 0;
| }
configure:22281: result: no
configure:22307: checking for floor
configure:22364: cc -o conftest -g -O2 -Wall   conftest.c -lc  >&5
conftest.c:59:6: warning: incompatible redeclaration of library function 'floor' [-Wincompatible-library-redeclaration]
char floor ();
     ^
conftest.c:59:6: note: 'floor' is a builtin with type 'double (double)'
1 warning generated.
configure:22370: $? = 0
configure:22373: test -z 			 || test ! -s conftest.err
configure:22376: $? = 0
configure:22379: test -s conftest
configure:22382: $? = 0
configure:22394: result: yes
configure:22307: checking for isascii
configure:22364: cc -o conftest -g -O2 -Wall   conftest.c -lc  >&5
configure:22370: $? = 0
configure:22373: test -z 			 || test ! -s conftest.err
configure:22376: $? = 0
configure:22379: test -s conftest
configure:22382: $? = 0
configure:22394: result: yes
configure:22307: checking for memmove
configure:22364: cc -o conftest -g -O2 -Wall   conftest.c -lc  >&5
conftest.c:61:6: warning: incompatible redeclaration of library function 'memmove' [-Wincompatible-library-redeclaration]
char memmove ();
     ^
conftest.c:61:6: note: 'memmove' is a builtin with type 'void *(void *, const void *, unsigned long)'
1 warning generated.
configure:22370: $? = 0
configure:22373: test -z 			 || test ! -s conftest.err
configure:22376: $? = 0
configure:22379: test -s conftest
configure:22382: $? = 0
configure:22394: result: yes
configure:22307: checking for memset
configure:22364: cc -o conftest -g -O2 -Wall   conftest.c -lc  >&5
conftest.c:62:6: warning: incompatible redeclaration of library function 'memset' [-Wincompatible-library-redeclaration]
char memset ();
     ^
conftest.c:62:6: note: 'memset' is a builtin with type 'void *(void *, int, unsigned long)'
1 warning generated.
configure:22370: $? = 0
configure:22373: test -z 			 || test ! -s conftest.err
configure:22376: $? = 0
configure:22379: test -s conftest
configure:22382: $? = 0
configure:22394: result: yes
configure:22307: checking for mmap
configure:22364: cc -o conftest -g -O2 -Wall   conftest.c -lc  >&5
configure:22370: $? = 0
configure:22373: test -z 			 || test ! -s conftest.err
configure:22376: $? = 0
configure:22379: test -s conftest
configure:22382: $? = 0
configure:22394: result: yes
configure:22307: checking for pow
configure:22364: cc -o conftest -g -O2 -Wall   conftest.c -lc  >&5
conftest.c:64:6: warning: incompatible redeclaration of library function 'pow' [-Wincompatible-library-redeclaration]
char pow ();
     ^
conftest.c:64:6: note: 'pow' is a builtin with type 'double (double, double)'
1 warning generated.
configure:22370: $? = 0
configure:22373: test -z 			 || test ! -s conftest.err
configure:22376: $? = 0
configure:22379: test -s conftest
configure:22382: $? = 0
configure:22394: result: yes
configure:22307: checking for sqrt
configure:22364: cc -o conftest -g -O2 -Wall   conftest.c -lc  >&5
conftest.c:65:6: warning: incompatible redeclaration of library function 'sqrt' [-Wincompatible-library-redeclaration]
char sqrt ();
     ^
conftest.c:65:6: note: 'sqrt' is a builtin with type 'double (double)'
1 warning generated.
configure:22370: $? = 0
configure:22373: test -z 			 || test ! -s conftest.err
configure:22376: $? = 0
configure:22379: test -s conftest
configure:22382: $? = 0
configure:22394: result: yes
configure:22307: checking for strchr
configure:22364: cc -o conftest -g -O2 -Wall   conftest.c -lc  >&5
conftest.c:66:6: warning: incompatible redeclaration of library function 'strchr' [-Wincompatible-library-redeclaration]
char strchr ();
     ^
conftest.c:66:6: note: 'strchr' is a builtin with type 'char *(const char *, int)'
1 warning generated.
configure:22370: $? = 0
configure:22373: test -z 			 || test ! -s conftest.err
configure:22376: $? = 0
configure:22379: test -s conftest
configure:22382: $? = 0
configure:22394: result: yes
configure:22307: checking for strrchr
configure:22364: cc -o conftest -g -O2 -Wall   conftest.c -lc  >&5
conftest.c:67:6: warning: incompatible redeclaration of library function 'strrchr' [-Wincompatible-library-redeclaration]
char strrchr ();
     ^
conftest.c:67:6: note: 'strrchr' is a builtin with type 'char *(const char *, int)'
1 warning generated.
configure:22370: $? = 0
configure:22373: test -z 			 || test ! -s conftest.err
configure:22376: $? = 0
configure:22379: test -s conftest
configure:22382: $? = 0
configure:22394: result: yes
configure:22307: checking for strstr
configure:22364: cc -o conftest -g -O2 -Wall   conftest.c -lc  >&5
conftest.c:68:6: warning: incompatible redeclaration of library function 'strstr' [-Wincompatible-library-redeclaration]
char strstr ();
     ^
conftest.c:68:6: note: 'strstr' is a builtin with type 'char *(const char *, const char *)'
1 warning generated.
configure:22370: $? = 0
configure:22373: test -z 			 || test ! -s conftest.err
configure:22376: $? = 0
configure:22379: test -s conftest
configure:22382: $? = 0
configure:22394: result: yes
configure:22307: checking for strtol
configure:22364: cc -o conftest -g -O2 -Wall   conftest.c -lc  >&5
configure:22370: $? = 0
configure:22373: test -z 			 || test ! -s conftest.err
configure:22376: $? = 0
configure:22379: test -s conftest
configure:22382: $? = 0
configure:22394: result: yes
configure:22409: checking for getopt
configure:22466: cc -o conftest -g -O2 -Wall   conftest.c -lc  >&5
configure:22472: $? = 0
configure:22475: test -z 			 || test ! -s conftest.err
configure:22478: $? = 0
configure:22481: test -s conftest
configure:22484: $? = 0
configure:22496: result: yes
configure:22520: checking for strcasecmp
configure:22577: cc -o conftest -g -O2 -Wall   conftest.c -lc  >&5
conftest.c:71:6: warning: incompatible redeclaration of library function 'strcasecmp' [-Wincompatible-library-redeclaration]
char strcasecmp ();
     ^
conftest.c:71:6: note: 'strcasecmp' is a builtin with type 'int (const char *, const char *)'
1 warning generated.
configure:22583: $? = 0
configure:22586: test -z 			 || test ! -s conftest.err
configure:22589: $? = 0
configure:22592: test -s conftest
configure:22595: $? = 0
configure:22607: result: yes
configure:22631: checking for strtoul
configure:22688: cc -o conftest -g -O2 -Wall   conftest.c -lc  >&5
configure:22694: $? = 0
configure:22697: test -z 			 || test ! -s conftest.err
configure:22700: $? = 0
configure:22703: test -s conftest
configure:22706: $? = 0
configure:22718: result: yes
configure:22739: checking native cpu bit order
configure:22744: result: lsb2msb
configure:22807: checking for special C compiler options needed for large files
configure:22904: result: no
configure:22910: checking for _FILE_OFFSET_BITS value needed for large files
configure:22941: cc -c -g -O2 -Wall  conftest.c >&5
configure:22947: $? = 0
configure:22950: test -z 			 || test ! -s conftest.err
configure:22953: $? = 0
configure:22956: test -s conftest.o
configure:22959: $? = 0
configure:23023: result: no
configure:23033: checking for _LARGE_FILES value needed for large files
configure:23064: cc -c -g -O2 -Wall  conftest.c >&5
configure:23070: $? = 0
configure:23073: test -z 			 || test ! -s conftest.err
configure:23076: $? = 0
configure:23079: test -s conftest.o
configure:23082: $? = 0
configure:23146: result: no
configure:23895: checking for X
configure:24001: cc -E  conftest.c
conftest.c:58:10: fatal error: 'X11/Intrinsic.h' file not found
#include <X11/Intrinsic.h>
         ^
1 error generated.
configure:24007: $? = 1
configure: failed program was:
| /* confdefs.h.  */
| 
| #define PACKAGE_NAME "LibTIFF Software"
| #define PACKAGE_TARNAME "tiff"
| #define PACKAGE_VERSION "3.7.3"
| #define PACKAGE_STRING "LibTIFF Software 3.7.3"
| #define PACKAGE_BUGREPORT "tiff@remotesensing.org"
| #define PACKAGE "tiff"
| #define VERSION "3.7.3"
| #define STDC_HEADERS 1
| #define HAVE_SYS_TYPES_H 1
| #define HAVE_SYS_STAT_H 1
| #define HAVE_STDLIB_H 1
| #define HAVE_STRING_H 1
| #define HAVE_MEMORY_H 1
| #define HAVE_STRINGS_H 1
| #define HAVE_INTTYPES_H 1
| #define HAVE_STDINT_H 1
| #define HAVE_UNISTD_H 1
| #define HAVE_DLFCN_H 1
| #ifdef __cplusplus
| extern "C" void exit (int) throw ();
| #endif
| #define HAVE_LIBC 1
| #define HAVE_ASSERT_H 1
| #define HAVE_FCNTL_H 1
| #define HAVE_LIMITS_H 1
| #define HAVE_SEARCH_H 1
| #define HAVE_SYS_TIME_H 1
| #define HAVE_UNISTD_H 1
| #define SIZEOF_INT 4
| #define SIZEOF_LONG 8
| #define TIME_WITH_SYS_TIME 1
| #define HAVE_FLOOR 1
| #define HAVE_ISASCII 1
| #define HAVE_MEMMOVE 1
| #define HAVE_MEMSET 1
| #define HAVE_MMAP 1
| #define HAVE_POW 1
| #define HAVE_SQRT 1
| #define HAVE_STRCHR 1
| #define HAVE_STRRCHR 1
| #define HAVE_STRSTR 1
| #define HAVE_STRTOL 1
| #define HAVE_GETOPT 1
| #define HAVE_STRCASECMP 1
| #define HAVE_STRTOUL 1
| #define HOST_FILLORDER FILLORDER_LSB2MSB
| #define HOST_BIGENDIAN 0
| #define HAVE_IEEEFP 1
| #define CCITT_SUPPORT 1
| #define PACKBITS_SUPPORT 1
| #define LZW_SUPPORT 1
| #define THUNDER_SUPPORT 1
| #define NEXT_SUPPORT 1
| #define LOGLUV_SUPPORT 1
| /* end confdefs.h.  */
| #include <X11/Intrinsic.h>
configure:24057: cc -o conftest -g -O2 -Wall   conftest.c -lXt -lc  >&5
conftest.c:58:10: fatal error: 'X11/Intrinsic.h' file not found
#include <X11/Intrinsic.h>
         ^
1 error generated.
configure:24063: $? = 1
configure: failed program was:
| /* confdefs.h.  */
| 
| #define PACKAGE_NAME "LibTIFF Software"
| #define PACKAGE_TARNAME "tiff"
| #define PACKAGE_VERSION "3.7.3"
| #define PACKAGE_STRING "LibTIFF Software 3.7.3"
| #define PACKAGE_BUGREPORT "tiff@remotesensing.org"
| #define PACKAGE "tiff"
| #define VERSION "3.7.3"
| #define STDC_HEADERS 1
| #define HAVE_SYS_TYPES_H 1
| #define HAVE_SYS_STAT_H 1
| #define HAVE_STDLIB_H 1
| #define HAVE_STRING_H 1
| #define HAVE_MEMORY_H 1
| #define HAVE_STRINGS_H 1
| #define HAVE_INTTYPES_H 1
| #define HAVE_STDINT_H 1
| #define HAVE_UNISTD_H 1
| #define HAVE_DLFCN_H 1
| #ifdef __cplusplus
| extern "C" void exit (int) throw ();
| #endif
| #define HAVE_LIBC 1
| #define HAVE_ASSERT_H 1
| #define HAVE_FCNTL_H 1
| #define HAVE_LIMITS_H 1
| #define HAVE_SEARCH_H 1
| #define HAVE_SYS_TIME_H 1
| #define HAVE_UNISTD_H 1
| #define SIZEOF_INT 4
| #define SIZEOF_LONG 8
| #define TIME_WITH_SYS_TIME 1
| #define HAVE_FLOOR 1
| #define HAVE_ISASCII 1
| #define HAVE_MEMMOVE 1
| #define HAVE_MEMSET 1
| #define HAVE_MMAP 1
| #define HAVE_POW 1
| #define HAVE_SQRT 1
| #define HAVE_STRCHR 1
| #define HAVE_STRRCHR 1
| #define HAVE_STRSTR 1
| #define HAVE_STRTOL 1
| #define HAVE_GETOPT 1
| #define HAVE_STRCASECMP 1
| #define HAVE_STRTOUL 1
| #define HOST_FILLORDER FILLORDER_LSB2MSB
| #define HOST_BIGENDIAN 0
| #define HAVE_IEEEFP 1
| #define CCITT_SUPPORT 1
| #define PACKBITS_SUPPORT 1
| #define LZW_SUPPORT 1
| #define THUNDER_SUPPORT 1
| #define NEXT_SUPPORT 1
| #define LOGLUV_SUPPORT 1
| /* end confdefs.h.  */
| #include <X11/Intrinsic.h>
| int
| main ()
| {
| XtMalloc (0)
|   ;
|   return 0;
| }
configure:24115: result: no
configure:25465: checking for the pthreads library -lpthreads
configure:25503: cc -o conftest -g -O2 -Wall    conftest.c -lpthreads -lc  >&5
conftest.c:63:28: warning: variable 'th' is uninitialized when used here [-Wuninitialized]
pthread_t th; pthread_join(th, 0);
                           ^~
conftest.c:63:13: note: initialize the variable 'th' to silence this warning
pthread_t th; pthread_join(th, 0);
            ^
             = NULL
1 warning generated.
ld: library not found for -lpthreads
clang: error: linker command failed with exit code 1 (use -v to see invocation)
configure:25509: $? = 1
configure: failed program was:
| /* confdefs.h.  */
| 
| #define PACKAGE_NAME "LibTIFF Software"
| #define PACKAGE_TARNAME "tiff"
| #define PACKAGE_VERSION "3.7.3"
| #define PACKAGE_STRING "LibTIFF Software 3.7.3"
| #define PACKAGE_BUGREPORT "tiff@remotesensing.org"
| #define PACKAGE "tiff"
| #define VERSION "3.7.3"
| #define STDC_HEADERS 1
| #define HAVE_SYS_TYPES_H 1
| #define HAVE_SYS_STAT_H 1
| #define HAVE_STDLIB_H 1
| #define HAVE_STRING_H 1
| #define HAVE_MEMORY_H 1
| #define HAVE_STRINGS_H 1
| #define HAVE_INTTYPES_H 1
| #define HAVE_STDINT_H 1
| #define HAVE_UNISTD_H 1
| #define HAVE_DLFCN_H 1
| #ifdef __cplusplus
| extern "C" void exit (int) throw ();
| #endif
| #define HAVE_LIBC 1
| #define HAVE_ASSERT_H 1
| #define HAVE_FCNTL_H 1
| #define HAVE_LIMITS_H 1
| #define HAVE_SEARCH_H 1
| #define HAVE_SYS_TIME_H 1
| #define HAVE_UNISTD_H 1
| #define SIZEOF_INT 4
| #define SIZEOF_LONG 8
| #define TIME_WITH_SYS_TIME 1
| #define HAVE_FLOOR 1
| #define HAVE_ISASCII 1
| #define HAVE_MEMMOVE 1
| #define HAVE_MEMSET 1
| #define HAVE_MMAP 1
| #define HAVE_POW 1
| #define HAVE_SQRT 1
| #define HAVE_STRCHR 1
| #define HAVE_STRRCHR 1
| #define HAVE_STRSTR 1
| #define HAVE_STRTOL 1
| #define HAVE_GETOPT 1
| #define HAVE_STRCASECMP 1
| #define HAVE_STRTOUL 1
| #define HOST_FILLORDER FILLORDER_LSB2MSB
| #define HOST_BIGENDIAN 0
| #define HAVE_IEEEFP 1
| #define CCITT_SUPPORT 1
| #define PACKBITS_SUPPORT 1
| #define LZW_SUPPORT 1
| #define THUNDER_SUPPORT 1
| #define NEXT_SUPPORT 1
| #define LOGLUV_SUPPORT 1
| #define X_DISPLAY_MISSING 1
| /* end confdefs.h.  */
| #include <pthread.h>
| int
| main ()
| {
| pthread_t th; pthread_join(th, 0);
|                      pthread_attr_init(0); pthread_cleanup_push(0, 0);
|                      pthread_create(0,0,0,0); pthread_cleanup_pop(0);
|   ;
|   return 0;
| }
configure:25535: result: no
configure:25412: checking whether pthreads work without any flags
configure:25503: cc -o conftest -g -O2 -Wall    conftest.c  -lc  >&5
conftest.c:63:28: warning: variable 'th' is uninitialized when used here [-Wuninitialized]
pthread_t th; pthread_join(th, 0);
                           ^~
conftest.c:63:13: note: initialize the variable 'th' to silence this warning
pthread_t th; pthread_join(th, 0);
            ^
             = NULL
1 warning generated.
configure:25509: $? = 0
configure:25512: test -z 			 || test ! -s conftest.err
configure:25515: $? = 0
configure:25518: test -s conftest
configure:25521: $? = 0
configure:25535: result: yes
configure:25554: checking for joinable pthread attribute
configure:25574: cc -o conftest -g -O2 -Wall    conftest.c  -lc  >&5
conftest.c:63:5: warning: unused variable 'attr' [-Wunused-variable]
int attr=PTHREAD_CREATE_JOINABLE;
    ^
1 warning generated.
configure:25580: $? = 0
configure:25583: test -z 			 || test ! -s conftest.err
configure:25586: $? = 0
configure:25589: test -s conftest
configure:25592: $? = 0
configure:25603: result: PTHREAD_CREATE_JOINABLE
configure:25613: checking if more special flags are required for pthreads
configure:25620: result: -D_THREAD_SAFE
configure:25632: checking for cc_r
configure:25659: result: cc
configure:25720: checking whether we are using the Microsoft C compiler
configure:25744: cc -c -g -O2 -Wall  conftest.c >&5
conftest.c:65:8: error: use of undeclared identifier 'choke'
       choke me
       ^
1 error generated.
configure:25750: $? = 1
configure: failed program was:
| /* confdefs.h.  */
| 
| #define PACKAGE_NAME "LibTIFF Software"
| #define PACKAGE_TARNAME "tiff"
| #define PACKAGE_VERSION "3.7.3"
| #define PACKAGE_STRING "LibTIFF Software 3.7.3"
| #define PACKAGE_BUGREPORT "tiff@remotesensing.org"
| #define PACKAGE "tiff"
| #define VERSION "3.7.3"
| #define STDC_HEADERS 1
| #define HAVE_SYS_TYPES_H 1
| #define HAVE_SYS_STAT_H 1
| #define HAVE_STDLIB_H 1
| #define HAVE_STRING_H 1
| #define HAVE_MEMORY_H 1
| #define HAVE_STRINGS_H 1
| #define HAVE_INTTYPES_H 1
| #define HAVE_STDINT_H 1
| #define HAVE_UNISTD_H 1
| #define HAVE_DLFCN_H 1
| #ifdef __cplusplus
| extern "C" void exit (int) throw ();
| #endif
| #define HAVE_LIBC 1
| #define HAVE_ASSERT_H 1
| #define HAVE_FCNTL_H 1
| #define HAVE_LIMITS_H 1
| #define HAVE_SEARCH_H 1
| #define HAVE_SYS_TIME_H 1
| #define HAVE_UNISTD_H 1
| #define SIZEOF_INT 4
| #define SIZEOF_LONG 8
| #define TIME_WITH_SYS_TIME 1
| #define HAVE_FLOOR 1
| #define HAVE_ISASCII 1
| #define HAVE_MEMMOVE 1
| #define HAVE_MEMSET 1
| #define HAVE_MMAP 1
| #define HAVE_POW 1
| #define HAVE_SQRT 1
| #define HAVE_STRCHR 1
| #define HAVE_STRRCHR 1
| #define HAVE_STRSTR 1
| #define HAVE_STRTOL 1
| #define HAVE_GETOPT 1
| #define HAVE_STRCASECMP 1
| #define HAVE_STRTOUL 1
| #define HOST_FILLORDER FILLORDER_LSB2MSB
| #define HOST_BIGENDIAN 0
| #define HAVE_IEEEFP 1
| #define CCITT_SUPPORT 1
| #define PACKBITS_SUPPORT 1
| #define LZW_SUPPORT 1
| #define THUNDER_SUPPORT 1
| #define NEXT_SUPPORT 1
| #define LOGLUV_SUPPORT 1
| #define X_DISPLAY_MISSING 1
| #define HAVE_PTHREAD 1
| /* end confdefs.h.  */
| 
| int
| main ()
| {
| #ifndef _MSC_VER
|        choke me
| #endif
| 
|   ;
|   return 0;
| }
configure:25775: result: no
configure:25809: checking windows.h usability
configure:25821: cc -c -g -O2 -Wall  conftest.c >&5
conftest.c:94:10: fatal error: 'windows.h' file not found
#include <windows.h>
         ^
1 error generated.
configure:25827: $? = 1
configure: failed program was:
| /* confdefs.h.  */
| 
| #define PACKAGE_NAME "LibTIFF Software"
| #define PACKAGE_TARNAME "tiff"
| #define PACKAGE_VERSION "3.7.3"
| #define PACKAGE_STRING "LibTIFF Software 3.7.3"
| #define PACKAGE_BUGREPORT "tiff@remotesensing.org"
| #define PACKAGE "tiff"
| #define VERSION "3.7.3"
| #define STDC_HEADERS 1
| #define HAVE_SYS_TYPES_H 1
| #define HAVE_SYS_STAT_H 1
| #define HAVE_STDLIB_H 1
| #define HAVE_STRING_H 1
| #define HAVE_MEMORY_H 1
| #define HAVE_STRINGS_H 1
| #define HAVE_INTTYPES_H 1
| #define HAVE_STDINT_H 1
| #define HAVE_UNISTD_H 1
| #define HAVE_DLFCN_H 1
| #ifdef __cplusplus
| extern "C" void exit (int) throw ();
| #endif
| #define HAVE_LIBC 1
| #define HAVE_ASSERT_H 1
| #define HAVE_FCNTL_H 1
| #define HAVE_LIMITS_H 1
| #define HAVE_SEARCH_H 1
| #define HAVE_SYS_TIME_H 1
| #define HAVE_UNISTD_H 1
| #define SIZEOF_INT 4
| #define SIZEOF_LONG 8
| #define TIME_WITH_SYS_TIME 1
| #define HAVE_FLOOR 1
| #define HAVE_ISASCII 1
| #define HAVE_MEMMOVE 1
| #define HAVE_MEMSET 1
| #define HAVE_MMAP 1
| #define HAVE_POW 1
| #define HAVE_SQRT 1
| #define HAVE_STRCHR 1
| #define HAVE_STRRCHR 1
| #define HAVE_STRSTR 1
| #define HAVE_STRTOL 1
| #define HAVE_GETOPT 1
| #define HAVE_STRCASECMP 1
| #define HAVE_STRTOUL 1
| #define HOST_FILLORDER FILLORDER_LSB2MSB
| #define HOST_BIGENDIAN 0
| #define HAVE_IEEEFP 1
| #define CCITT_SUPPORT 1
| #define PACKBITS_SUPPORT 1
| #define LZW_SUPPORT 1
| #define THUNDER_SUPPORT 1
| #define NEXT_SUPPORT 1
| #define LOGLUV_SUPPORT 1
| #define X_DISPLAY_MISSING 1
| #define HAVE_PTHREAD 1
| /* end confdefs.h.  */
| #include <stdio.h>
| #if HAVE_SYS_TYPES_H
| # include <sys/types.h>
| #endif
| #if HAVE_SYS_STAT_H
| # include <sys/stat.h>
| #endif
| #if STDC_HEADERS
| # include <stdlib.h>
| # include <stddef.h>
| #else
| # if HAVE_STDLIB_H
| #  include <stdlib.h>
| # endif
| #endif
| #if HAVE_STRING_H
| # if !STDC_HEADERS && HAVE_MEMORY_H
| #  include <memory.h>
| # endif
| # include <string.h>
| #endif
| #if HAVE_STRINGS_H
| # include <strings.h>
| #endif
| #if HAVE_INTTYPES_H
| # include <inttypes.h>
| #else
| # if HAVE_STDINT_H
| #  include <stdint.h>
| # endif
| #endif
| #if HAVE_UNISTD_H
| # include <unistd.h>
| #endif
| #include <windows.h>
configure:25849: result: no
configure:25853: checking windows.h presence
configure:25863: cc -E  conftest.c
conftest.c:60:10: fatal error: 'windows.h' file not found
#include <windows.h>
         ^
1 error generated.
configure:25869: $? = 1
configure: failed program was:
| /* confdefs.h.  */
| 
| #define PACKAGE_NAME "LibTIFF Software"
| #define PACKAGE_TARNAME "tiff"
| #define PACKAGE_VERSION "3.7.3"
| #define PACKAGE_STRING "LibTIFF Software 3.7.3"
| #define PACKAGE_BUGREPORT "tiff@remotesensing.org"
| #define PACKAGE "tiff"
| #define VERSION "3.7.3"
| #define STDC_HEADERS 1
| #define HAVE_SYS_TYPES_H 1
| #define HAVE_SYS_STAT_H 1
| #define HAVE_STDLIB_H 1
| #define HAVE_STRING_H 1
| #define HAVE_MEMORY_H 1
| #define HAVE_STRINGS_H 1
| #define HAVE_INTTYPES_H 1
| #define HAVE_STDINT_H 1
| #define HAVE_UNISTD_H 1
| #define HAVE_DLFCN_H 1
| #ifdef __cplusplus
| extern "C" void exit (int) throw ();
| #endif
| #define HAVE_LIBC 1
| #define HAVE_ASSERT_H 1
| #define HAVE_FCNTL_H 1
| #define HAVE_LIMITS_H 1
| #define HAVE_SEARCH_H 1
| #define HAVE_SYS_TIME_H 1
| #define HAVE_UNISTD_H 1
| #define SIZEOF_INT 4
| #define SIZEOF_LONG 8
| #define TIME_WITH_SYS_TIME 1
| #define HAVE_FLOOR 1
| #define HAVE_ISASCII 1
| #define HAVE_MEMMOVE 1
| #define HAVE_MEMSET 1
| #define HAVE_MMAP 1
| #define HAVE_POW 1
| #define HAVE_SQRT 1
| #define HAVE_STRCHR 1
| #define HAVE_STRRCHR 1
| #define HAVE_STRSTR 1
| #define HAVE_STRTOL 1
| #define HAVE_GETOPT 1
| #define HAVE_STRCASECMP 1
| #define HAVE_STRTOUL 1
| #define HOST_FILLORDER FILLORDER_LSB2MSB
| #define HOST_BIGENDIAN 0
| #define HAVE_IEEEFP 1
| #define CCITT_SUPPORT 1
| #define PACKBITS_SUPPORT 1
| #define LZW_SUPPORT 1
| #define THUNDER_SUPPORT 1
| #define NEXT_SUPPORT 1
| #define LOGLUV_SUPPORT 1
| #define X_DISPLAY_MISSING 1
| #define HAVE_PTHREAD 1
| /* end confdefs.h.  */
| #include <windows.h>
configure:25889: result: no
configure:25924: checking for windows.h
configure:25931: result: no
configure:25945: checking for OpenGL library
configure:25983: cc -o conftest -g -O2 -Wall -D_THREAD_SAFE    conftest.c -lopengl32  -lm -lc  >&5
conftest.c:64:11: fatal error: 'GL/gl.h' file not found
# include <GL/gl.h>
          ^
1 error generated.
configure:25989: $? = 1
configure: failed program was:
| /* confdefs.h.  */
| 
| #define PACKAGE_NAME "LibTIFF Software"
| #define PACKAGE_TARNAME "tiff"
| #define PACKAGE_VERSION "3.7.3"
| #define PACKAGE_STRING "LibTIFF Software 3.7.3"
| #define PACKAGE_BUGREPORT "tiff@remotesensing.org"
| #define PACKAGE "tiff"
| #define VERSION "3.7.3"
| #define STDC_HEADERS 1
| #define HAVE_SYS_TYPES_H 1
| #define HAVE_SYS_STAT_H 1
| #define HAVE_STDLIB_H 1
| #define HAVE_STRING_H 1
| #define HAVE_MEMORY_H 1
| #define HAVE_STRINGS_H 1
| #define HAVE_INTTYPES_H 1
| #define HAVE_STDINT_H 1
| #define HAVE_UNISTD_H 1
| #define HAVE_DLFCN_H 1
| #ifdef __cplusplus
| extern "C" void exit (int) throw ();
| #endif
| #define HAVE_LIBC 1
| #define HAVE_ASSERT_H 1
| #define HAVE_FCNTL_H 1
| #define HAVE_LIMITS_H 1
| #define HAVE_SEARCH_H 1
| #define HAVE_SYS_TIME_H 1
| #define HAVE_UNISTD_H 1
| #define SIZEOF_INT 4
| #define SIZEOF_LONG 8
| #define TIME_WITH_SYS_TIME 1
| #define HAVE_FLOOR 1
| #define HAVE_ISASCII 1
| #define HAVE_MEMMOVE 1
| #define HAVE_MEMSET 1
| #define HAVE_MMAP 1
| #define HAVE_POW 1
| #define HAVE_SQRT 1
| #define HAVE_STRCHR 1
| #define HAVE_STRRCHR 1
| #define HAVE_STRSTR 1
| #define HAVE_STRTOL 1
| #define HAVE_GETOPT 1
| #define HAVE_STRCASECMP 1
| #define HAVE_STRTOUL 1
| #define HOST_FILLORDER FILLORDER_LSB2MSB
| #define HOST_BIGENDIAN 0
| #define HAVE_IEEEFP 1
| #define CCITT_SUPPORT 1
| #define PACKBITS_SUPPORT 1
| #define LZW_SUPPORT 1
| #define THUNDER_SUPPORT 1
| #define NEXT_SUPPORT 1
| #define LOGLUV_SUPPORT 1
| #define X_DISPLAY_MISSING 1
| #define HAVE_PTHREAD 1
| /* end confdefs.h.  */
| 
| # if HAVE_WINDOWS_H && defined(_WIN32)
| #   include <windows.h>
| # endif
| # include <GL/gl.h>
| int
| main ()
| {
| glBegin(0)
|   ;
|   return 0;
| }
configure:25983: cc -o conftest -g -O2 -Wall -D_THREAD_SAFE    conftest.c -lGL  -lm -lc  >&5
conftest.c:64:11: fatal error: 'GL/gl.h' file not found
# include <GL/gl.h>
          ^
1 error generated.
configure:25989: $? = 1
configure: failed program was:
| /* confdefs.h.  */
| 
| #define PACKAGE_NAME "LibTIFF Software"
| #define PACKAGE_TARNAME "tiff"
| #define PACKAGE_VERSION "3.7.3"
| #define PACKAGE_STRING "LibTIFF Software 3.7.3"
| #define PACKAGE_BUGREPORT "tiff@remotesensing.org"
| #define PACKAGE "tiff"
| #define VERSION "3.7.3"
| #define STDC_HEADERS 1
| #define HAVE_SYS_TYPES_H 1
| #define HAVE_SYS_STAT_H 1
| #define HAVE_STDLIB_H 1
| #define HAVE_STRING_H 1
| #define HAVE_MEMORY_H 1
| #define HAVE_STRINGS_H 1
| #define HAVE_INTTYPES_H 1
| #define HAVE_STDINT_H 1
| #define HAVE_UNISTD_H 1
| #define HAVE_DLFCN_H 1
| #ifdef __cplusplus
| extern "C" void exit (int) throw ();
| #endif
| #define HAVE_LIBC 1
| #define HAVE_ASSERT_H 1
| #define HAVE_FCNTL_H 1
| #define HAVE_LIMITS_H 1
| #define HAVE_SEARCH_H 1
| #define HAVE_SYS_TIME_H 1
| #define HAVE_UNISTD_H 1
| #define SIZEOF_INT 4
| #define SIZEOF_LONG 8
| #define TIME_WITH_SYS_TIME 1
| #define HAVE_FLOOR 1
| #define HAVE_ISASCII 1
| #define HAVE_MEMMOVE 1
| #define HAVE_MEMSET 1
| #define HAVE_MMAP 1
| #define HAVE_POW 1
| #define HAVE_SQRT 1
| #define HAVE_STRCHR 1
| #define HAVE_STRRCHR 1
| #define HAVE_STRSTR 1
| #define HAVE_STRTOL 1
| #define HAVE_GETOPT 1
| #define HAVE_STRCASECMP 1
| #define HAVE_STRTOUL 1
| #define HOST_FILLORDER FILLORDER_LSB2MSB
| #define HOST_BIGENDIAN 0
| #define HAVE_IEEEFP 1
| #define CCITT_SUPPORT 1
| #define PACKBITS_SUPPORT 1
| #define LZW_SUPPORT 1
| #define THUNDER_SUPPORT 1
| #define NEXT_SUPPORT 1
| #define LOGLUV_SUPPORT 1
| #define X_DISPLAY_MISSING 1
| #define HAVE_PTHREAD 1
| /* end confdefs.h.  */
| 
| # if HAVE_WINDOWS_H && defined(_WIN32)
| #   include <windows.h>
| # endif
| # include <GL/gl.h>
| int
| main ()
| {
| glBegin(0)
|   ;
|   return 0;
| }
configure:26015: result: no
configure:26038: checking for OpenGL Utility library
configure:26096: g++ -o conftest -g -O2    conftest.cc -lglu32  -lc  >&5
conftest.cc:64:11: fatal error: 'GL/glu.h' file not found
# include <GL/glu.h>
          ^
1 error generated.
configure:26102: $? = 1
configure: failed program was:
| /* confdefs.h.  */
| 
| #define PACKAGE_NAME "LibTIFF Software"
| #define PACKAGE_TARNAME "tiff"
| #define PACKAGE_VERSION "3.7.3"
| #define PACKAGE_STRING "LibTIFF Software 3.7.3"
| #define PACKAGE_BUGREPORT "tiff@remotesensing.org"
| #define PACKAGE "tiff"
| #define VERSION "3.7.3"
| #define STDC_HEADERS 1
| #define HAVE_SYS_TYPES_H 1
| #define HAVE_SYS_STAT_H 1
| #define HAVE_STDLIB_H 1
| #define HAVE_STRING_H 1
| #define HAVE_MEMORY_H 1
| #define HAVE_STRINGS_H 1
| #define HAVE_INTTYPES_H 1
| #define HAVE_STDINT_H 1
| #define HAVE_UNISTD_H 1
| #define HAVE_DLFCN_H 1
| #ifdef __cplusplus
| extern "C" void exit (int) throw ();
| #endif
| #define HAVE_LIBC 1
| #define HAVE_ASSERT_H 1
| #define HAVE_FCNTL_H 1
| #define HAVE_LIMITS_H 1
| #define HAVE_SEARCH_H 1
| #define HAVE_SYS_TIME_H 1
| #define HAVE_UNISTD_H 1
| #define SIZEOF_INT 4
| #define SIZEOF_LONG 8
| #define TIME_WITH_SYS_TIME 1
| #define HAVE_FLOOR 1
| #define HAVE_ISASCII 1
| #define HAVE_MEMMOVE 1
| #define HAVE_MEMSET 1
| #define HAVE_MMAP 1
| #define HAVE_POW 1
| #define HAVE_SQRT 1
| #define HAVE_STRCHR 1
| #define HAVE_STRRCHR 1
| #define HAVE_STRSTR 1
| #define HAVE_STRTOL 1
| #define HAVE_GETOPT 1
| #define HAVE_STRCASECMP 1
| #define HAVE_STRTOUL 1
| #define HOST_FILLORDER FILLORDER_LSB2MSB
| #define HOST_BIGENDIAN 0
| #define HAVE_IEEEFP 1
| #define CCITT_SUPPORT 1
| #define PACKBITS_SUPPORT 1
| #define LZW_SUPPORT 1
| #define THUNDER_SUPPORT 1
| #define NEXT_SUPPORT 1
| #define LOGLUV_SUPPORT 1
| #define X_DISPLAY_MISSING 1
| #define HAVE_PTHREAD 1
| /* end confdefs.h.  */
| 
| # if HAVE_WINDOWS_H && defined(_WIN32)
| #   include <windows.h>
| # endif
| # include <GL/glu.h>
| int
| main ()
| {
| gluBeginCurve(0)
|   ;
|   return 0;
| }
configure:26096: g++ -o conftest -g -O2    conftest.cc -lGLU  -lc  >&5
conftest.cc:64:11: fatal error: 'GL/glu.h' file not found
# include <GL/glu.h>
          ^
1 error generated.
configure:26102: $? = 1
configure: failed program was:
| /* confdefs.h.  */
| 
| #define PACKAGE_NAME "LibTIFF Software"
| #define PACKAGE_TARNAME "tiff"
| #define PACKAGE_VERSION "3.7.3"
| #define PACKAGE_STRING "LibTIFF Software 3.7.3"
| #define PACKAGE_BUGREPORT "tiff@remotesensing.org"
| #define PACKAGE "tiff"
| #define VERSION "3.7.3"
| #define STDC_HEADERS 1
| #define HAVE_SYS_TYPES_H 1
| #define HAVE_SYS_STAT_H 1
| #define HAVE_STDLIB_H 1
| #define HAVE_STRING_H 1
| #define HAVE_MEMORY_H 1
| #define HAVE_STRINGS_H 1
| #define HAVE_INTTYPES_H 1
| #define HAVE_STDINT_H 1
| #define HAVE_UNISTD_H 1
| #define HAVE_DLFCN_H 1
| #ifdef __cplusplus
| extern "C" void exit (int) throw ();
| #endif
| #define HAVE_LIBC 1
| #define HAVE_ASSERT_H 1
| #define HAVE_FCNTL_H 1
| #define HAVE_LIMITS_H 1
| #define HAVE_SEARCH_H 1
| #define HAVE_SYS_TIME_H 1
| #define HAVE_UNISTD_H 1
| #define SIZEOF_INT 4
| #define SIZEOF_LONG 8
| #define TIME_WITH_SYS_TIME 1
| #define HAVE_FLOOR 1
| #define HAVE_ISASCII 1
| #define HAVE_MEMMOVE 1
| #define HAVE_MEMSET 1
| #define HAVE_MMAP 1
| #define HAVE_POW 1
| #define HAVE_SQRT 1
| #define HAVE_STRCHR 1
| #define HAVE_STRRCHR 1
| #define HAVE_STRSTR 1
| #define HAVE_STRTOL 1
| #define HAVE_GETOPT 1
| #define HAVE_STRCASECMP 1
| #define HAVE_STRTOUL 1
| #define HOST_FILLORDER FILLORDER_LSB2MSB
| #define HOST_BIGENDIAN 0
| #define HAVE_IEEEFP 1
| #define CCITT_SUPPORT 1
| #define PACKBITS_SUPPORT 1
| #define LZW_SUPPORT 1
| #define THUNDER_SUPPORT 1
| #define NEXT_SUPPORT 1
| #define LOGLUV_SUPPORT 1
| #define X_DISPLAY_MISSING 1
| #define HAVE_PTHREAD 1
| /* end confdefs.h.  */
| 
| # if HAVE_WINDOWS_H && defined(_WIN32)
| #   include <windows.h>
| # endif
| # include <GL/glu.h>
| int
| main ()
| {
| gluBeginCurve(0)
|   ;
|   return 0;
| }
configure:26142: result: no
configure:26180: checking for GLUT library
configure:26216: cc -o conftest -g -O2 -Wall    conftest.c -lglut32  -lc  >&5
conftest.c:64:11: fatal error: 'GL/glut.h' file not found
# include <GL/glut.h>
          ^
1 error generated.
configure:26222: $? = 1
configure: failed program was:
| /* confdefs.h.  */
| 
| #define PACKAGE_NAME "LibTIFF Software"
| #define PACKAGE_TARNAME "tiff"
| #define PACKAGE_VERSION "3.7.3"
| #define PACKAGE_STRING "LibTIFF Software 3.7.3"
| #define PACKAGE_BUGREPORT "tiff@remotesensing.org"
| #define PACKAGE "tiff"
| #define VERSION "3.7.3"
| #define STDC_HEADERS 1
| #define HAVE_SYS_TYPES_H 1
| #define HAVE_SYS_STAT_H 1
| #define HAVE_STDLIB_H 1
| #define HAVE_STRING_H 1
| #define HAVE_MEMORY_H 1
| #define HAVE_STRINGS_H 1
| #define HAVE_INTTYPES_H 1
| #define HAVE_STDINT_H 1
| #define HAVE_UNISTD_H 1
| #define HAVE_DLFCN_H 1
| #ifdef __cplusplus
| extern "C" void exit (int) throw ();
| #endif
| #define HAVE_LIBC 1
| #define HAVE_ASSERT_H 1
| #define HAVE_FCNTL_H 1
| #define HAVE_LIMITS_H 1
| #define HAVE_SEARCH_H 1
| #define HAVE_SYS_TIME_H 1
| #define HAVE_UNISTD_H 1
| #define SIZEOF_INT 4
| #define SIZEOF_LONG 8
| #define TIME_WITH_SYS_TIME 1
| #define HAVE_FLOOR 1
| #define HAVE_ISASCII 1
| #define HAVE_MEMMOVE 1
| #define HAVE_MEMSET 1
| #define HAVE_MMAP 1
| #define HAVE_POW 1
| #define HAVE_SQRT 1
| #define HAVE_STRCHR 1
| #define HAVE_STRRCHR 1
| #define HAVE_STRSTR 1
| #define HAVE_STRTOL 1
| #define HAVE_GETOPT 1
| #define HAVE_STRCASECMP 1
| #define HAVE_STRTOUL 1
| #define HOST_FILLORDER FILLORDER_LSB2MSB
| #define HOST_BIGENDIAN 0
| #define HAVE_IEEEFP 1
| #define CCITT_SUPPORT 1
| #define PACKBITS_SUPPORT 1
| #define LZW_SUPPORT 1
| #define THUNDER_SUPPORT 1
| #define NEXT_SUPPORT 1
| #define LOGLUV_SUPPORT 1
| #define X_DISPLAY_MISSING 1
| #define HAVE_PTHREAD 1
| /* end confdefs.h.  */
| 
| # if HAVE_WINDOWS_H && defined(_WIN32)
| #   include <windows.h>
| # endif
| # include <GL/glut.h>
| int
| main ()
| {
| glutMainLoop()
|   ;
|   return 0;
| }
configure:26216: cc -o conftest -g -O2 -Wall    conftest.c -lglut  -lc  >&5
conftest.c:64:11: fatal error: 'GL/glut.h' file not found
# include <GL/glut.h>
          ^
1 error generated.
configure:26222: $? = 1
configure: failed program was:
| /* confdefs.h.  */
| 
| #define PACKAGE_NAME "LibTIFF Software"
| #define PACKAGE_TARNAME "tiff"
| #define PACKAGE_VERSION "3.7.3"
| #define PACKAGE_STRING "LibTIFF Software 3.7.3"
| #define PACKAGE_BUGREPORT "tiff@remotesensing.org"
| #define PACKAGE "tiff"
| #define VERSION "3.7.3"
| #define STDC_HEADERS 1
| #define HAVE_SYS_TYPES_H 1
| #define HAVE_SYS_STAT_H 1
| #define HAVE_STDLIB_H 1
| #define HAVE_STRING_H 1
| #define HAVE_MEMORY_H 1
| #define HAVE_STRINGS_H 1
| #define HAVE_INTTYPES_H 1
| #define HAVE_STDINT_H 1
| #define HAVE_UNISTD_H 1
| #define HAVE_DLFCN_H 1
| #ifdef __cplusplus
| extern "C" void exit (int) throw ();
| #endif
| #define HAVE_LIBC 1
| #define HAVE_ASSERT_H 1
| #define HAVE_FCNTL_H 1
| #define HAVE_LIMITS_H 1
| #define HAVE_SEARCH_H 1
| #define HAVE_SYS_TIME_H 1
| #define HAVE_UNISTD_H 1
| #define SIZEOF_INT 4
| #define SIZEOF_LONG 8
| #define TIME_WITH_SYS_TIME 1
| #define HAVE_FLOOR 1
| #define HAVE_ISASCII 1
| #define HAVE_MEMMOVE 1
| #define HAVE_MEMSET 1
| #define HAVE_MMAP 1
| #define HAVE_POW 1
| #define HAVE_SQRT 1
| #define HAVE_STRCHR 1
| #define HAVE_STRRCHR 1
| #define HAVE_STRSTR 1
| #define HAVE_STRTOL 1
| #define HAVE_GETOPT 1
| #define HAVE_STRCASECMP 1
| #define HAVE_STRTOUL 1
| #define HOST_FILLORDER FILLORDER_LSB2MSB
| #define HOST_BIGENDIAN 0
| #define HAVE_IEEEFP 1
| #define CCITT_SUPPORT 1
| #define PACKBITS_SUPPORT 1
| #define LZW_SUPPORT 1
| #define THUNDER_SUPPORT 1
| #define NEXT_SUPPORT 1
| #define LOGLUV_SUPPORT 1
| #define X_DISPLAY_MISSING 1
| #define HAVE_PTHREAD 1
| /* end confdefs.h.  */
| 
| # if HAVE_WINDOWS_H && defined(_WIN32)
| #   include <windows.h>
| # endif
| # include <GL/glut.h>
| int
| main ()
| {
| glutMainLoop()
|   ;
|   return 0;
| }
configure:26249: result: no
configure:26505: creating ./config.status

## ---------------------- ##
## Running config.status. ##
## ---------------------- ##

This file was extended by LibTIFF Software config.status 3.7.3, which was
generated by GNU Autoconf 2.59.  Invocation command line was

  CONFIG_FILES    = 
  CONFIG_HEADERS  = 
  CONFIG_LINKS    = 
  CONFIG_COMMANDS = 
  $ ./config.status --quiet

on MacBook-Pro-de-German.local

config.status:813: creating Makefile
config.status:813: creating contrib/Makefile
config.status:813: creating contrib/acorn/Makefile
config.status:813: creating contrib/addtiffo/Makefile
config.status:813: creating contrib/dbs/Makefile
config.status:813: creating contrib/dbs/xtiff/Makefile
config.status:813: creating contrib/iptcutil/Makefile
config.status:813: creating contrib/mac-cw/Makefile
config.status:813: creating contrib/mac-mpw/Makefile
config.status:813: creating contrib/mfs/Makefile
config.status:813: creating contrib/ojpeg/Makefile
config.status:813: creating contrib/pds/Makefile
config.status:813: creating contrib/ras/Makefile
config.status:813: creating contrib/stream/Makefile
config.status:813: creating contrib/tags/Makefile
config.status:813: creating contrib/win_dib/Makefile
config.status:813: creating html/Makefile
config.status:813: creating html/images/Makefile
config.status:813: creating html/man/Makefile
config.status:813: creating libtiff/Makefile
config.status:813: creating man/Makefile
config.status:813: creating port/Makefile
config.status:813: creating test/Makefile
config.status:813: creating tools/Makefile
config.status:879: creating libtiff/tif_config.h
config.status:879: creating libtiff/tiffconf.h
config.status:1263: executing depfiles commands

## ---------------- ##
## Cache variables. ##
## ---------------- ##

ac_cv_build=i686-apple-darwin13.0.0
ac_cv_build_alias=i686-apple-darwin13.0.0
ac_cv_c_bigendian=no
ac_cv_c_compiler_gnu=yes
ac_cv_c_const=yes
ac_cv_c_inline=inline
ac_cv_cxx_compiler_gnu=yes
ac_cv_env_CC_set=set
ac_cv_env_CC_value=cc
ac_cv_env_CFLAGS_set=
ac_cv_env_CFLAGS_value=
ac_cv_env_CPPFLAGS_set=
ac_cv_env_CPPFLAGS_value=
ac_cv_env_CPP_set=
ac_cv_env_CPP_value=
ac_cv_env_CXXCPP_set=
ac_cv_env_CXXCPP_value=
ac_cv_env_CXXFLAGS_set=
ac_cv_env_CXXFLAGS_value=
ac_cv_env_CXX_set=
ac_cv_env_CXX_value=
ac_cv_env_F77_set=
ac_cv_env_F77_value=
ac_cv_env_FFLAGS_set=
ac_cv_env_FFLAGS_value=
ac_cv_env_LDFLAGS_set=
ac_cv_env_LDFLAGS_value=
ac_cv_env_build_alias_set=
ac_cv_env_build_alias_value=
ac_cv_env_host_alias_set=
ac_cv_env_host_alias_value=
ac_cv_env_target_alias_set=
ac_cv_env_target_alias_value=
ac_cv_exeext=
ac_cv_f77_compiler_gnu=yes
ac_cv_func_floor=yes
ac_cv_func_getopt=yes
ac_cv_func_isascii=yes
ac_cv_func_memmove=yes
ac_cv_func_memset=yes
ac_cv_func_mmap=yes
ac_cv_func_pow=yes
ac_cv_func_sqrt=yes
ac_cv_func_strcasecmp=yes
ac_cv_func_strchr=yes
ac_cv_func_strrchr=yes
ac_cv_func_strstr=yes
ac_cv_func_strtol=yes
ac_cv_func_strtoul=yes
ac_cv_have_x=have_x=no
ac_cv_header_assert_h=yes
ac_cv_header_dlfcn_h=yes
ac_cv_header_fcntl_h=yes
ac_cv_header_inttypes_h=yes
ac_cv_header_limits_h=yes
ac_cv_header_malloc_h=no
ac_cv_header_memory_h=yes
ac_cv_header_search_h=yes
ac_cv_header_stdc=yes
ac_cv_header_stdint_h=yes
ac_cv_header_stdlib_h=yes
ac_cv_header_string_h=yes
ac_cv_header_strings_h=yes
ac_cv_header_sys_stat_h=yes
ac_cv_header_sys_time_h=yes
ac_cv_header_sys_types_h=yes
ac_cv_header_time=yes
ac_cv_header_unistd_h=yes
ac_cv_header_windows_h=no
ac_cv_host=i686-apple-darwin13.0.0
ac_cv_host_alias=i686-apple-darwin13.0.0
ac_cv_lib_c_main=yes
ac_cv_objext=o
ac_cv_path_install='/usr/bin/install -c'
ac_cv_prog_AWK=awk
ac_cv_prog_CPP='cc -E'
ac_cv_prog_CXXCPP='g++ -E'
ac_cv_prog_PTHREAD_CC=cc
ac_cv_prog_ac_ct_AR=ar
ac_cv_prog_ac_ct_CC=cc
ac_cv_prog_ac_ct_CXX=g++
ac_cv_prog_ac_ct_F77=gfortran
ac_cv_prog_ac_ct_RANLIB=ranlib
ac_cv_prog_ac_ct_STRIP=strip
ac_cv_prog_cc_cc_c_o=yes
ac_cv_prog_cc_g=yes
ac_cv_prog_cc_stdc=
ac_cv_prog_cxx_g=yes
ac_cv_prog_egrep='grep -E'
ac_cv_prog_f77_g=yes
ac_cv_prog_make_make_set=yes
ac_cv_sizeof_int=4
ac_cv_sizeof_long=8
ac_cv_struct_tm=time.h
ac_cv_sys_file_offset_bits=no
ac_cv_sys_large_files=no
ac_cv_sys_largefile_CC=no
ac_cv_target=i686-apple-darwin13.0.0
ac_cv_target_alias=i686-apple-darwin13.0.0
ac_cv_type_int=yes
ac_cv_type_int16=no
ac_cv_type_int32=no
ac_cv_type_int8=no
ac_cv_type_long=yes
ac_cv_type_off_t=yes
ac_cv_type_size_t=yes
am_cv_CC_dependencies_compiler_type=gcc3
am_cv_CXX_dependencies_compiler_type=gcc3
ax_cv_c_compiler_ms=no
ax_cv_check_gl_libgl=no
ax_cv_check_glu_libglu=no
ax_cv_check_glut_libglut=no
lt_cv_deplibs_check_method=pass_all
lt_cv_file_magic_cmd='$MAGIC_CMD'
lt_cv_file_magic_test_file=
lt_cv_ld_reload_flag=-r
lt_cv_objdir=.libs
lt_cv_path_LD=/Applications/Xcode.app/Contents/Developer/Toolchains/XcodeDefault.xctoolchain/usr/bin/ld
lt_cv_path_LDCXX=/Applications/Xcode.app/Contents/Developer/Toolchains/XcodeDefault.xctoolchain/usr/bin/ld
lt_cv_path_NM=/usr/bin/nm
lt_cv_path_SED=/opt/local/bin/gsed
lt_cv_prog_compiler_c_o=yes
lt_cv_prog_compiler_c_o_CXX=yes
lt_cv_prog_compiler_c_o_F77=yes
lt_cv_prog_compiler_rtti_exceptions=yes
lt_cv_prog_gnu_ld=no
lt_cv_prog_gnu_ldcxx=no
lt_cv_sys_global_symbol_pipe='sed -n -e '\''s/^.*[ 	]\([BCDEGRST][BCDEGRST]*\)[ 	][ 	]*\(_\)\([_A-Za-z][_A-Za-z0-9]*\)$/\1 \2\3 \3/p'\'''
lt_cv_sys_global_symbol_to_c_name_address='sed -n -e '\''s/^: \([^ ]*\) $/  {\"\1\", (lt_ptr) 0},/p'\'' -e '\''s/^[BCDEGRST] \([^ ]*\) \([^ ]*\)$/  {"\2", (lt_ptr) \&\2},/p'\'''
lt_cv_sys_global_symbol_to_cdecl='sed -n -e '\''s/^. .* \(.*\)$/extern int \1;/p'\'''
lt_cv_sys_max_cmd_len=65536
lt_lt_cv_prog_compiler_c_o='"yes"'
lt_lt_cv_prog_compiler_c_o_CXX='"yes"'
lt_lt_cv_prog_compiler_c_o_F77='"yes"'
lt_lt_cv_sys_global_symbol_pipe='"sed -n -e '\''s/^.*[ 	]\\([BCDEGRST][BCDEGRST]*\\)[ 	][ 	]*\\(_\\)\\([_A-Za-z][_A-Za-z0-9]*\\)\$/\\1 \\2\\3 \\3/p'\''"'
lt_lt_cv_sys_global_symbol_to_c_name_address='"sed -n -e '\''s/^: \\([^ ]*\\) \$/  {\\\"\\1\\\", (lt_ptr) 0},/p'\'' -e '\''s/^[BCDEGRST] \\([^ ]*\\) \\([^ ]*\\)\$/  {\"\\2\", (lt_ptr) \\&\\2},/p'\''"'
lt_lt_cv_sys_global_symbol_to_cdecl='"sed -n -e '\''s/^. .* \\(.*\\)\$/extern int \\1;/p'\''"'
vl_cv_prog_cc_warnings=-Wall

## ----------------- ##
## Output variables. ##
## ----------------- ##

ACLOCAL='${SHELL} /Users/german/Documents/RadiosityRadiance/src/ray/src/px/tiff/missing --run aclocal-1.9'
AMDEPBACKSLASH='\'
AMDEP_FALSE='#'
AMDEP_TRUE=''
AMTAR='${SHELL} /Users/german/Documents/RadiosityRadiance/src/ray/src/px/tiff/missing --run tar'
AR='ar'
AUTOCONF='${SHELL} /Users/german/Documents/RadiosityRadiance/src/ray/src/px/tiff/missing --run autoconf'
AUTOHEADER='${SHELL} /Users/german/Documents/RadiosityRadiance/src/ray/src/px/tiff/missing --run autoheader'
AUTOMAKE='${SHELL} /Users/german/Documents/RadiosityRadiance/src/ray/src/px/tiff/missing --run automake-1.9'
AWK='awk'
CC='cc'
CCDEPMODE='depmode=gcc3'
CFLAGS='-g -O2 -Wall'
CPP='cc -E'
CPPFLAGS=''
CXX='g++'
CXXCPP='g++ -E'
CXXDEPMODE='depmode=gcc3'
CXXFLAGS='-g -O2'
CYGPATH_W='echo'
DEFS='-DHAVE_CONFIG_H'
DEPDIR='.deps'
ECHO='/bin/echo'
ECHO_C='ECHO_N=''
ECHO_T=''
EGREP='grep -E'
EXEEXT=''
F77='gfortran'
FFLAGS='-g -O2'
GLUT_CFLAGS=''
GLUT_LIBS=''
GLU_CFLAGS=''
GLU_LIBS=''
GL_CFLAGS=''
GL_LIBS=''
HAVE_CXX_FALSE=''
HAVE_CXX_TRUE='#'
HAVE_OPENGL_FALSE=''
HAVE_OPENGL_TRUE='#'
HAVE_RPATH_FALSE=''
HAVE_RPATH_TRUE='#'
INSTALL_DATA='${INSTALL} -m 644'
INSTALL_PROGRAM='${INSTALL}'
INSTALL_SCRIPT='${INSTALL}'
INSTALL_STRIP_PROGRAM='${SHELL} $(install_sh) -c -s'
LDFLAGS=''
LIBDIR='/Users/german/Documents/RadiosityRadiance/src/ray/lib'
LIBOBJS=''
LIBS='-lc '
LIBTIFF_ALPHA_VERSION=''
LIBTIFF_DOCDIR='${prefix}/share/doc/tiff-3.7.3'
LIBTIFF_MAJOR_VERSION='3'
LIBTIFF_MICRO_VERSION='3'
LIBTIFF_MINOR_VERSION='7'
LIBTIFF_RELEASE_DATE='20131204'
LIBTIFF_VERSION='3.7.3'
LIBTIFF_VERSION_INFO='3:7:3'
LIBTOOL='$(SHELL) $(top_builddir)/libtool'
LN_S='ln -s'
LTLIBOBJS=''
MAINT='#'
MAINTAINER_MODE_FALSE=''
MAINTAINER_MODE_TRUE='#'
MAKEINFO='${SHELL} /Users/german/Documents/RadiosityRadiance/src/ray/src/px/tiff/missing --run makeinfo'
OBJEXT='o'
PACKAGE='tiff'
PACKAGE_BUGREPORT='tiff@remotesensing.org'
PACKAGE_NAME='LibTIFF Software'
PACKAGE_STRING='LibTIFF Software 3.7.3'
PACKAGE_TARNAME='tiff'
PACKAGE_VERSION='3.7.3'
PATH_SEPARATOR=':'
PTHREAD_CC='cc'
PTHREAD_CFLAGS='-D_THREAD_SAFE '
PTHREAD_LIBS=''
RANLIB='ranlib'
SET_MAKE=''
SHELL='/bin/sh'
STRIP='strip'
VERSION='3.7.3'
X_CFLAGS=''
X_EXTRA_LIBS=''
X_LIBS=''
X_PRE_LIBS=''
ac_ct_AR='ar'
ac_ct_CC='cc'
ac_ct_CXX='g++'
ac_ct_F77='gfortran'
ac_ct_RANLIB='ranlib'
ac_ct_STRIP='strip'
acx_pthread_config=''
am__fastdepCC_FALSE='#'
am__fastdepCC_TRUE=''
am__fastdepCXX_FALSE='#'
am__fastdepCXX_TRUE=''
am__include='include'
am__leading_dot='.'
am__quote=''
am__tar='${AMTAR} chof - "$$tardir"'
am__untar='${AMTAR} xf -'
bindir='${exec_prefix}/bin'
build='i686-apple-darwin13.0.0'
build_alias=''
build_cpu='i686'
build_os='darwin13.0.0'
build_vendor='apple'
datadir='${prefix}/share'
exec_prefix='${prefix}'
host='i686-apple-darwin13.0.0'
host_alias=''
host_cpu='i686'
host_os='darwin13.0.0'
host_vendor='apple'
includedir='/Users/german/Documents/RadiosityRadiance/src/ray/src/px/tiff/../../common'
infodir='${prefix}/info'
install_sh='/Users/german/Documents/RadiosityRadiance/src/ray/src/px/tiff/install-sh'
libdir='/Users/german/Documents/RadiosityRadiance/src/ray/src/px/tiff/../../lib'
libexecdir='${exec_prefix}/libexec'
localstatedir='${prefix}/var'
mandir='${prefix}/man'
mkdir_p='$(mkinstalldirs)'
oldincludedir='/usr/include'
prefix='/usr/local'
program_transform_name='s,x,x,'
sbindir='${exec_prefix}/sbin'
sharedstatedir='${prefix}/com'
sysconfdir='${prefix}/etc'
target='i686-apple-darwin13.0.0'
target_alias=''
target_cpu='i686'
target_os='darwin13.0.0'
target_vendor='apple'

## ----------- ##
## confdefs.h. ##
## ----------- ##

#define CCITT_SUPPORT 1
#define CHECK_JPEG_YCBCR_SUBSAMPLING 1
#define DEFAULT_EXTRASAMPLE_AS_ALPHA 1
#define HAVE_ASSERT_H 1
#define HAVE_DLFCN_H 1
#define HAVE_FCNTL_H 1
#define HAVE_FLOOR 1
#define HAVE_GETOPT 1
#define HAVE_IEEEFP 1
#define HAVE_INTTYPES_H 1
#define HAVE_ISASCII 1
#define HAVE_LIBC 1
#define HAVE_LIMITS_H 1
#define HAVE_MEMMOVE 1
#define HAVE_MEMORY_H 1
#define HAVE_MEMSET 1
#define HAVE_MMAP 1
#define HAVE_POW 1
#define HAVE_PTHREAD 1
#define HAVE_SEARCH_H 1
#define HAVE_SQRT 1
#define HAVE_STDINT_H 1
#define HAVE_STDLIB_H 1
#define HAVE_STRCASECMP 1
#define HAVE_STRCHR 1
#define HAVE_STRINGS_H 1
#define HAVE_STRING_H 1
#define HAVE_STRRCHR 1
#define HAVE_STRSTR 1
#define HAVE_STRTOL 1
#define HAVE_STRTOUL 1
#define HAVE_SYS_STAT_H 1
#define HAVE_SYS_TIME_H 1
#define HAVE_SYS_TYPES_H 1
#define HAVE_UNISTD_H 1
#define HAVE_UNISTD_H 1
#define HOST_BIGENDIAN 0
#define HOST_FILLORDER FILLORDER_LSB2MSB
#define LOGLUV_SUPPORT 1
#define LZW_SUPPORT 1
#define NEXT_SUPPORT 1
#define PACKAGE "tiff"
#define PACKAGE_BUGREPORT "tiff@remotesensing.org"
#define PACKAGE_NAME "LibTIFF Software"
#define PACKAGE_STRING "LibTIFF Software 3.7.3"
#define PACKAGE_TARNAME "tiff"
#define PACKAGE_VERSION "3.7.3"
#define PACKBITS_SUPPORT 1
#define SIZEOF_INT 4
#define SIZEOF_LONG 8
#define STDC_HEADERS 1
#define STRIPCHOP_DEFAULT TIFF_STRIPCHOP
#define SUBIFD_SUPPORT 1
#define THUNDER_SUPPORT 1
#define TIME_WITH_SYS_TIME 1
#define VERSION "3.7.3"
#define X_DISPLAY_MISSING 1
#endif
#ifdef __cplusplus
extern "C" void exit (int) throw ();

configure: exit 0
